2024-05-01 09:41:28,648 [DEBUG] in psycopg.pq: couldn't import psycopg 'c' implementation: No module named 'psycopg_c'
2024-05-01 09:41:28,648 [DEBUG] in psycopg.pq: couldn't import psycopg 'binary' implementation: No module named 'psycopg_binary'
2024-05-01 09:41:28,977 [DEBUG] in psycopg.pq: couldn't import psycopg 'c' implementation: No module named 'psycopg_c'
2024-05-01 09:41:28,978 [DEBUG] in psycopg.pq: couldn't import psycopg 'binary' implementation: No module named 'psycopg_binary'
2024-05-01 09:41:29,081 [INFO] in django.utils.autoreload: Watching for file changes with StatReloader
2024-05-01 09:41:56,998 [INFO] in shop.views: Rendering shop index
2024-05-01 09:41:57,233 [WARNING] in django.request: Not Found: /favicon.ico
2024-05-01 09:43:03,297 [WARNING] in django.request: Not Found: /favicon.ico
2024-05-01 09:48:23,068 [DEBUG] in psycopg.pq: couldn't import psycopg 'c' implementation: No module named 'psycopg_c'
2024-05-01 09:48:23,068 [DEBUG] in psycopg.pq: couldn't import psycopg 'binary' implementation: No module named 'psycopg_binary'
2024-05-01 09:48:23,360 [DEBUG] in psycopg.pq: couldn't import psycopg 'c' implementation: No module named 'psycopg_c'
2024-05-01 09:48:23,360 [DEBUG] in psycopg.pq: couldn't import psycopg 'binary' implementation: No module named 'psycopg_binary'
2024-05-01 09:48:23,455 [INFO] in django.utils.autoreload: Watching for file changes with StatReloader
2024-05-01 09:48:32,751 [INFO] in shop.views: Rendering shop index
2024-05-01 09:49:23,274 [INFO] in shop.views: Rendering shop index
2024-05-01 09:49:23,359 [WARNING] in django.request: Not Found: /favicon.ico
2024-05-01 09:49:23,768 [INFO] in shop.views: Rendering shop index
2024-05-01 09:49:23,962 [INFO] in shop.views: Rendering shop index
2024-05-01 09:49:24,274 [INFO] in shop.views: Rendering shop index
2024-05-01 09:49:24,472 [INFO] in shop.views: Rendering shop index
2024-05-01 09:49:24,658 [INFO] in shop.views: Rendering shop index
2024-05-01 09:49:24,811 [INFO] in shop.views: Rendering shop index
2024-05-01 09:49:24,986 [INFO] in shop.views: Rendering shop index
2024-05-01 09:49:25,143 [INFO] in shop.views: Rendering shop index
2024-05-01 09:49:25,291 [INFO] in shop.views: Rendering shop index
2024-05-01 09:49:26,617 [INFO] in shop.views: Rendering shop index
2024-05-01 09:49:26,824 [INFO] in shop.views: Rendering shop index
2024-05-01 09:49:27,389 [INFO] in shop.views: Rendering shop index
2024-05-01 09:49:27,579 [INFO] in shop.views: Rendering shop index
2024-05-01 09:49:27,756 [INFO] in shop.views: Rendering shop index
2024-05-01 09:50:58,999 [INFO] in shop.views: Rendering shop index
2024-05-01 09:50:59,196 [WARNING] in django.request: Not Found: /favicon.ico
2024-05-01 09:53:36,525 [INFO] in shop.views: Rendering shop index
2024-05-01 09:53:37,512 [INFO] in shop.views: Rendering shop index
2024-05-01 09:53:38,268 [INFO] in shop.views: Rendering shop index
2024-05-01 09:53:38,777 [INFO] in shop.views: Rendering shop index
2024-05-01 09:53:39,002 [INFO] in shop.views: Rendering shop index
2024-05-01 09:53:39,209 [INFO] in shop.views: Rendering shop index
2024-05-01 09:53:40,745 [INFO] in shop.views: Rendering shop index
2024-05-01 10:05:26,570 [INFO] in django.utils.autoreload: /home/karen/Desktop/FirstDjangoProject/Simple-django-project/mysite/mysite/urls.py changed, reloading.
2024-05-01 10:05:28,247 [DEBUG] in psycopg.pq: couldn't import psycopg 'c' implementation: No module named 'psycopg_c'
2024-05-01 10:05:28,247 [DEBUG] in psycopg.pq: couldn't import psycopg 'binary' implementation: No module named 'psycopg_binary'
2024-05-01 10:05:28,410 [INFO] in django.utils.autoreload: Watching for file changes with StatReloader
2024-05-01 10:05:29,145 [INFO] in shop.views: Rendering shop index
2024-05-01 10:05:29,615 [WARNING] in django.request: Not Found: /en/styles.css
2024-05-01 10:05:29,673 [WARNING] in django.request: Not Found: /favicon.ico
2024-05-01 10:05:30,113 [INFO] in shop.views: Rendering shop index
2024-05-01 10:05:30,201 [WARNING] in django.request: Not Found: /en/styles.css
2024-05-01 10:05:30,405 [INFO] in shop.views: Rendering shop index
2024-05-01 10:05:30,499 [WARNING] in django.request: Not Found: /en/styles.css
2024-05-01 10:05:30,574 [INFO] in shop.views: Rendering shop index
2024-05-01 10:05:30,691 [WARNING] in django.request: Not Found: /en/styles.css
2024-05-01 10:05:30,731 [INFO] in shop.views: Rendering shop index
2024-05-01 10:05:30,826 [WARNING] in django.request: Not Found: /en/styles.css
2024-05-01 10:05:30,886 [INFO] in shop.views: Rendering shop index
2024-05-01 10:05:30,974 [WARNING] in django.request: Not Found: /en/styles.css
2024-05-01 10:05:30,998 [INFO] in shop.views: Rendering shop index
2024-05-01 10:05:31,146 [WARNING] in django.request: Not Found: /en/styles.css
2024-05-01 10:06:05,268 [INFO] in shop.views: Rendering shop index
2024-05-01 10:06:05,465 [WARNING] in django.request: Not Found: /en/styles.css
2024-05-01 10:06:05,890 [INFO] in shop.views: Rendering shop index
2024-05-01 10:06:05,980 [WARNING] in django.request: Not Found: /en/deps/css.styles.css
2024-05-01 10:06:06,041 [INFO] in shop.views: Rendering shop index
2024-05-01 10:06:06,121 [WARNING] in django.request: Not Found: /en/deps/css.styles.css
2024-05-01 10:06:06,187 [INFO] in shop.views: Rendering shop index
2024-05-01 10:06:06,324 [WARNING] in django.request: Not Found: /en/deps/css.styles.css
2024-05-01 10:06:06,355 [INFO] in shop.views: Rendering shop index
2024-05-01 10:06:06,494 [WARNING] in django.request: Not Found: /en/deps/css.styles.css
2024-05-01 10:06:19,129 [INFO] in shop.views: Rendering shop index
2024-05-01 10:06:19,208 [WARNING] in django.request: Not Found: /deps/css.styles.css
2024-05-01 10:06:19,345 [INFO] in shop.views: Rendering shop index
2024-05-01 10:06:19,443 [WARNING] in django.request: Not Found: /deps/css.styles.css
2024-05-01 10:06:19,490 [INFO] in shop.views: Rendering shop index
2024-05-01 10:06:19,565 [WARNING] in django.request: Not Found: /deps/css.styles.css
2024-05-01 10:06:27,004 [INFO] in shop.views: Rendering shop index
2024-05-01 10:06:27,095 [WARNING] in django.request: Not Found: /en/deps/css/styles.css
2024-05-01 10:06:27,217 [INFO] in shop.views: Rendering shop index
2024-05-01 10:06:27,310 [WARNING] in django.request: Not Found: /en/deps/css/styles.css
2024-05-01 10:06:27,409 [INFO] in shop.views: Rendering shop index
2024-05-01 10:06:27,505 [WARNING] in django.request: Not Found: /en/deps/css/styles.css
2024-05-01 10:06:27,551 [INFO] in shop.views: Rendering shop index
2024-05-01 10:06:27,630 [WARNING] in django.request: Not Found: /en/deps/css/styles.css
2024-05-01 10:06:27,699 [INFO] in shop.views: Rendering shop index
2024-05-01 10:06:27,780 [WARNING] in django.request: Not Found: /en/deps/css/styles.css
2024-05-01 10:06:27,856 [INFO] in shop.views: Rendering shop index
2024-05-01 10:06:27,951 [WARNING] in django.request: Not Found: /en/deps/css/styles.css
2024-05-01 10:06:28,021 [INFO] in shop.views: Rendering shop index
2024-05-01 10:06:28,102 [WARNING] in django.request: Not Found: /en/deps/css/styles.css
2024-05-01 10:06:28,199 [INFO] in shop.views: Rendering shop index
2024-05-01 10:06:28,296 [WARNING] in django.request: Not Found: /en/deps/css/styles.css
2024-05-01 10:06:28,392 [INFO] in shop.views: Rendering shop index
2024-05-01 10:06:28,489 [WARNING] in django.request: Not Found: /en/deps/css/styles.css
2024-05-01 10:06:28,576 [INFO] in shop.views: Rendering shop index
2024-05-01 10:06:28,674 [WARNING] in django.request: Not Found: /en/deps/css/styles.css
2024-05-01 10:06:28,783 [INFO] in shop.views: Rendering shop index
2024-05-01 10:06:28,890 [WARNING] in django.request: Not Found: /en/deps/css/styles.css
2024-05-01 10:06:29,034 [INFO] in shop.views: Rendering shop index
2024-05-01 10:06:29,134 [WARNING] in django.request: Not Found: /en/deps/css/styles.css
2024-05-01 10:06:29,534 [INFO] in shop.views: Rendering shop index
2024-05-01 10:06:29,601 [WARNING] in django.request: Not Found: /en/deps/css/styles.css
2024-05-01 10:06:34,976 [DEBUG] in psycopg.pq: couldn't import psycopg 'c' implementation: No module named 'psycopg_c'
2024-05-01 10:06:34,976 [DEBUG] in psycopg.pq: couldn't import psycopg 'binary' implementation: No module named 'psycopg_binary'
2024-05-01 10:06:35,255 [DEBUG] in psycopg.pq: couldn't import psycopg 'c' implementation: No module named 'psycopg_c'
2024-05-01 10:06:35,255 [DEBUG] in psycopg.pq: couldn't import psycopg 'binary' implementation: No module named 'psycopg_binary'
2024-05-01 10:06:35,354 [INFO] in django.utils.autoreload: Watching for file changes with StatReloader
2024-05-01 10:06:36,521 [INFO] in shop.views: Rendering shop index
2024-05-01 10:06:36,729 [WARNING] in django.request: Not Found: /en/deps/css/styles.css
2024-05-01 10:06:36,776 [INFO] in shop.views: Rendering shop index
2024-05-01 10:06:36,845 [WARNING] in django.request: Not Found: /en/deps/css/styles.css
2024-05-01 10:06:37,199 [INFO] in shop.views: Rendering shop index
2024-05-01 10:06:37,291 [WARNING] in django.request: Not Found: /en/deps/css/styles.css
2024-05-01 10:06:37,338 [INFO] in shop.views: Rendering shop index
2024-05-01 10:06:37,413 [WARNING] in django.request: Not Found: /en/deps/css/styles.css
2024-05-01 10:06:37,473 [INFO] in shop.views: Rendering shop index
2024-05-01 10:06:37,544 [WARNING] in django.request: Not Found: /en/deps/css/styles.css
2024-05-01 10:06:37,618 [INFO] in shop.views: Rendering shop index
2024-05-01 10:06:37,729 [INFO] in shop.views: Rendering shop index
2024-05-01 10:06:37,728 [WARNING] in django.request: Not Found: /en/deps/css/styles.css
2024-05-01 10:06:37,819 [WARNING] in django.request: Not Found: /en/deps/css/styles.css
2024-05-01 10:08:01,807 [INFO] in shop.views: Rendering shop index
2024-05-01 10:08:01,888 [WARNING] in django.request: Not Found: /deps/css/styles.css
2024-05-01 10:08:01,937 [WARNING] in django.request: Not Found: /favicon.ico
2024-05-01 10:08:02,279 [INFO] in shop.views: Rendering shop index
2024-05-01 10:08:02,373 [WARNING] in django.request: Not Found: /deps/css/styles.css
2024-05-01 10:08:02,463 [INFO] in shop.views: Rendering shop index
2024-05-01 10:08:02,542 [WARNING] in django.request: Not Found: /deps/css/styles.css
2024-05-01 10:08:02,596 [INFO] in shop.views: Rendering shop index
2024-05-01 10:08:02,668 [WARNING] in django.request: Not Found: /deps/css/styles.css
2024-05-01 10:08:02,782 [INFO] in shop.views: Rendering shop index
2024-05-01 10:08:02,878 [WARNING] in django.request: Not Found: /deps/css/styles.css
2024-05-01 10:08:02,935 [INFO] in shop.views: Rendering shop index
2024-05-01 10:08:03,015 [WARNING] in django.request: Not Found: /deps/css/styles.css
2024-05-01 10:08:03,079 [INFO] in shop.views: Rendering shop index
2024-05-01 10:08:03,173 [WARNING] in django.request: Not Found: /deps/css/styles.css
2024-05-01 10:09:14,005 [DEBUG] in psycopg.pq: couldn't import psycopg 'c' implementation: No module named 'psycopg_c'
2024-05-01 10:09:14,005 [DEBUG] in psycopg.pq: couldn't import psycopg 'binary' implementation: No module named 'psycopg_binary'
2024-05-01 10:09:14,309 [DEBUG] in psycopg.pq: couldn't import psycopg 'c' implementation: No module named 'psycopg_c'
2024-05-01 10:09:14,309 [DEBUG] in psycopg.pq: couldn't import psycopg 'binary' implementation: No module named 'psycopg_binary'
2024-05-01 10:09:14,406 [INFO] in django.utils.autoreload: Watching for file changes with StatReloader
2024-05-01 10:09:15,531 [INFO] in shop.views: Rendering shop index
2024-05-01 10:09:15,696 [INFO] in shop.views: Rendering shop index
2024-05-01 10:09:15,826 [WARNING] in django.request: Not Found: /deps/css/styles.css
2024-05-01 10:09:15,830 [INFO] in shop.views: Rendering shop index
2024-05-01 10:09:15,910 [WARNING] in django.request: Not Found: /deps/css/styles.css
2024-05-01 10:11:17,347 [INFO] in shop.views: Rendering shop index
2024-05-01 10:11:17,378 [ERROR] in django.request: Internal Server Error: /en/
Traceback (most recent call last):
  File "/home/karen/Desktop/FirstDjangoProject/.venv/lib/python3.12/site-packages/django/template/base.py", line 502, in parse
    compile_func = self.tags[command]
                   ~~~~~~~~~^^^^^^^^^
KeyError: 'static'

During handling of the above exception, another exception occurred:

Traceback (most recent call last):
  File "/home/karen/Desktop/FirstDjangoProject/.venv/lib/python3.12/site-packages/django/core/handlers/exception.py", line 55, in inner
    response = get_response(request)
               ^^^^^^^^^^^^^^^^^^^^^
  File "/home/karen/Desktop/FirstDjangoProject/.venv/lib/python3.12/site-packages/django/core/handlers/base.py", line 197, in _get_response
    response = wrapped_callback(request, *callback_args, **callback_kwargs)
               ^^^^^^^^^^^^^^^^^^^^^^^^^^^^^^^^^^^^^^^^^^^^^^^^^^^^^^^^^^^^
  File "/home/karen/Desktop/FirstDjangoProject/Simple-django-project/mysite/shop/views.py", line 57, in index
    return render(request, 'shop/index.html', context)
           ^^^^^^^^^^^^^^^^^^^^^^^^^^^^^^^^^^^^^^^^^^^
  File "/home/karen/Desktop/FirstDjangoProject/.venv/lib/python3.12/site-packages/django/shortcuts.py", line 25, in render
    content = loader.render_to_string(template_name, context, request, using=using)
              ^^^^^^^^^^^^^^^^^^^^^^^^^^^^^^^^^^^^^^^^^^^^^^^^^^^^^^^^^^^^^^^^^^^^^
  File "/home/karen/Desktop/FirstDjangoProject/.venv/lib/python3.12/site-packages/django/template/loader.py", line 62, in render_to_string
    return template.render(context, request)
           ^^^^^^^^^^^^^^^^^^^^^^^^^^^^^^^^^
  File "/home/karen/Desktop/FirstDjangoProject/.venv/lib/python3.12/site-packages/django/template/backends/django.py", line 61, in render
    return self.template.render(context)
           ^^^^^^^^^^^^^^^^^^^^^^^^^^^^^
  File "/home/karen/Desktop/FirstDjangoProject/.venv/lib/python3.12/site-packages/django/template/base.py", line 171, in render
    return self._render(context)
           ^^^^^^^^^^^^^^^^^^^^^
  File "/home/karen/Desktop/FirstDjangoProject/.venv/lib/python3.12/site-packages/django/test/utils.py", line 111, in instrumented_test_render
    return self.nodelist.render(context)
           ^^^^^^^^^^^^^^^^^^^^^^^^^^^^^
  File "/home/karen/Desktop/FirstDjangoProject/.venv/lib/python3.12/site-packages/django/template/base.py", line 1000, in render
    return SafeString("".join([node.render_annotated(context) for node in self]))
                               ^^^^^^^^^^^^^^^^^^^^^^^^^^^^^^
  File "/home/karen/Desktop/FirstDjangoProject/.venv/lib/python3.12/site-packages/django/template/base.py", line 961, in render_annotated
    return self.render(context)
           ^^^^^^^^^^^^^^^^^^^^
  File "/home/karen/Desktop/FirstDjangoProject/.venv/lib/python3.12/site-packages/django/template/loader_tags.py", line 134, in render
    compiled_parent = self.get_parent(context)
                      ^^^^^^^^^^^^^^^^^^^^^^^^
  File "/home/karen/Desktop/FirstDjangoProject/.venv/lib/python3.12/site-packages/django/template/loader_tags.py", line 131, in get_parent
    return self.find_template(parent, context)
           ^^^^^^^^^^^^^^^^^^^^^^^^^^^^^^^^^^^
  File "/home/karen/Desktop/FirstDjangoProject/.venv/lib/python3.12/site-packages/django/template/loader_tags.py", line 109, in find_template
    template, origin = context.template.engine.find_template(
                       ^^^^^^^^^^^^^^^^^^^^^^^^^^^^^^^^^^^^^^
  File "/home/karen/Desktop/FirstDjangoProject/.venv/lib/python3.12/site-packages/django/template/engine.py", line 159, in find_template
    template = loader.get_template(name, skip=skip)
               ^^^^^^^^^^^^^^^^^^^^^^^^^^^^^^^^^^^^
  File "/home/karen/Desktop/FirstDjangoProject/.venv/lib/python3.12/site-packages/django/template/loaders/cached.py", line 57, in get_template
    template = super().get_template(template_name, skip)
               ^^^^^^^^^^^^^^^^^^^^^^^^^^^^^^^^^^^^^^^^^
  File "/home/karen/Desktop/FirstDjangoProject/.venv/lib/python3.12/site-packages/django/template/loaders/base.py", line 28, in get_template
    return Template(
           ^^^^^^^^^
  File "/home/karen/Desktop/FirstDjangoProject/.venv/lib/python3.12/site-packages/django/template/base.py", line 154, in __init__
    self.nodelist = self.compile_nodelist()
                    ^^^^^^^^^^^^^^^^^^^^^^^
  File "/home/karen/Desktop/FirstDjangoProject/.venv/lib/python3.12/site-packages/django/template/base.py", line 196, in compile_nodelist
    return parser.parse()
           ^^^^^^^^^^^^^^
  File "/home/karen/Desktop/FirstDjangoProject/.venv/lib/python3.12/site-packages/django/template/base.py", line 504, in parse
    self.invalid_block_tag(token, command, parse_until)
  File "/home/karen/Desktop/FirstDjangoProject/.venv/lib/python3.12/site-packages/django/template/base.py", line 565, in invalid_block_tag
    raise self.error(
django.template.exceptions.TemplateSyntaxError: Invalid block tag on line 6: 'static'. Did you forget to register or load this tag?
2024-05-01 10:11:17,553 [WARNING] in django.request: Not Found: /favicon.ico
2024-05-01 10:11:17,973 [INFO] in shop.views: Rendering shop index
2024-05-01 10:11:18,029 [ERROR] in django.request: Internal Server Error: /en/
Traceback (most recent call last):
  File "/home/karen/Desktop/FirstDjangoProject/.venv/lib/python3.12/site-packages/django/template/base.py", line 502, in parse
    compile_func = self.tags[command]
                   ~~~~~~~~~^^^^^^^^^
KeyError: 'static'

During handling of the above exception, another exception occurred:

Traceback (most recent call last):
  File "/home/karen/Desktop/FirstDjangoProject/.venv/lib/python3.12/site-packages/django/core/handlers/exception.py", line 55, in inner
    response = get_response(request)
               ^^^^^^^^^^^^^^^^^^^^^
  File "/home/karen/Desktop/FirstDjangoProject/.venv/lib/python3.12/site-packages/django/core/handlers/base.py", line 197, in _get_response
    response = wrapped_callback(request, *callback_args, **callback_kwargs)
               ^^^^^^^^^^^^^^^^^^^^^^^^^^^^^^^^^^^^^^^^^^^^^^^^^^^^^^^^^^^^
  File "/home/karen/Desktop/FirstDjangoProject/Simple-django-project/mysite/shop/views.py", line 57, in index
    return render(request, 'shop/index.html', context)
           ^^^^^^^^^^^^^^^^^^^^^^^^^^^^^^^^^^^^^^^^^^^
  File "/home/karen/Desktop/FirstDjangoProject/.venv/lib/python3.12/site-packages/django/shortcuts.py", line 25, in render
    content = loader.render_to_string(template_name, context, request, using=using)
              ^^^^^^^^^^^^^^^^^^^^^^^^^^^^^^^^^^^^^^^^^^^^^^^^^^^^^^^^^^^^^^^^^^^^^
  File "/home/karen/Desktop/FirstDjangoProject/.venv/lib/python3.12/site-packages/django/template/loader.py", line 62, in render_to_string
    return template.render(context, request)
           ^^^^^^^^^^^^^^^^^^^^^^^^^^^^^^^^^
  File "/home/karen/Desktop/FirstDjangoProject/.venv/lib/python3.12/site-packages/django/template/backends/django.py", line 61, in render
    return self.template.render(context)
           ^^^^^^^^^^^^^^^^^^^^^^^^^^^^^
  File "/home/karen/Desktop/FirstDjangoProject/.venv/lib/python3.12/site-packages/django/template/base.py", line 171, in render
    return self._render(context)
           ^^^^^^^^^^^^^^^^^^^^^
  File "/home/karen/Desktop/FirstDjangoProject/.venv/lib/python3.12/site-packages/django/test/utils.py", line 111, in instrumented_test_render
    return self.nodelist.render(context)
           ^^^^^^^^^^^^^^^^^^^^^^^^^^^^^
  File "/home/karen/Desktop/FirstDjangoProject/.venv/lib/python3.12/site-packages/django/template/base.py", line 1000, in render
    return SafeString("".join([node.render_annotated(context) for node in self]))
                               ^^^^^^^^^^^^^^^^^^^^^^^^^^^^^^
  File "/home/karen/Desktop/FirstDjangoProject/.venv/lib/python3.12/site-packages/django/template/base.py", line 961, in render_annotated
    return self.render(context)
           ^^^^^^^^^^^^^^^^^^^^
  File "/home/karen/Desktop/FirstDjangoProject/.venv/lib/python3.12/site-packages/django/template/loader_tags.py", line 134, in render
    compiled_parent = self.get_parent(context)
                      ^^^^^^^^^^^^^^^^^^^^^^^^
  File "/home/karen/Desktop/FirstDjangoProject/.venv/lib/python3.12/site-packages/django/template/loader_tags.py", line 131, in get_parent
    return self.find_template(parent, context)
           ^^^^^^^^^^^^^^^^^^^^^^^^^^^^^^^^^^^
  File "/home/karen/Desktop/FirstDjangoProject/.venv/lib/python3.12/site-packages/django/template/loader_tags.py", line 109, in find_template
    template, origin = context.template.engine.find_template(
                       ^^^^^^^^^^^^^^^^^^^^^^^^^^^^^^^^^^^^^^
  File "/home/karen/Desktop/FirstDjangoProject/.venv/lib/python3.12/site-packages/django/template/engine.py", line 159, in find_template
    template = loader.get_template(name, skip=skip)
               ^^^^^^^^^^^^^^^^^^^^^^^^^^^^^^^^^^^^
  File "/home/karen/Desktop/FirstDjangoProject/.venv/lib/python3.12/site-packages/django/template/loaders/cached.py", line 57, in get_template
    template = super().get_template(template_name, skip)
               ^^^^^^^^^^^^^^^^^^^^^^^^^^^^^^^^^^^^^^^^^
  File "/home/karen/Desktop/FirstDjangoProject/.venv/lib/python3.12/site-packages/django/template/loaders/base.py", line 28, in get_template
    return Template(
           ^^^^^^^^^
  File "/home/karen/Desktop/FirstDjangoProject/.venv/lib/python3.12/site-packages/django/template/base.py", line 154, in __init__
    self.nodelist = self.compile_nodelist()
                    ^^^^^^^^^^^^^^^^^^^^^^^
  File "/home/karen/Desktop/FirstDjangoProject/.venv/lib/python3.12/site-packages/django/template/base.py", line 196, in compile_nodelist
    return parser.parse()
           ^^^^^^^^^^^^^^
  File "/home/karen/Desktop/FirstDjangoProject/.venv/lib/python3.12/site-packages/django/template/base.py", line 504, in parse
    self.invalid_block_tag(token, command, parse_until)
  File "/home/karen/Desktop/FirstDjangoProject/.venv/lib/python3.12/site-packages/django/template/base.py", line 565, in invalid_block_tag
    raise self.error(
django.template.exceptions.TemplateSyntaxError: Invalid block tag on line 6: 'static'. Did you forget to register or load this tag?
2024-05-01 10:11:18,144 [INFO] in shop.views: Rendering shop index
2024-05-01 10:11:18,173 [ERROR] in django.request: Internal Server Error: /en/
Traceback (most recent call last):
  File "/home/karen/Desktop/FirstDjangoProject/.venv/lib/python3.12/site-packages/django/template/base.py", line 502, in parse
    compile_func = self.tags[command]
                   ~~~~~~~~~^^^^^^^^^
KeyError: 'static'

During handling of the above exception, another exception occurred:

Traceback (most recent call last):
  File "/home/karen/Desktop/FirstDjangoProject/.venv/lib/python3.12/site-packages/django/core/handlers/exception.py", line 55, in inner
    response = get_response(request)
               ^^^^^^^^^^^^^^^^^^^^^
  File "/home/karen/Desktop/FirstDjangoProject/.venv/lib/python3.12/site-packages/django/core/handlers/base.py", line 197, in _get_response
    response = wrapped_callback(request, *callback_args, **callback_kwargs)
               ^^^^^^^^^^^^^^^^^^^^^^^^^^^^^^^^^^^^^^^^^^^^^^^^^^^^^^^^^^^^
  File "/home/karen/Desktop/FirstDjangoProject/Simple-django-project/mysite/shop/views.py", line 57, in index
    return render(request, 'shop/index.html', context)
           ^^^^^^^^^^^^^^^^^^^^^^^^^^^^^^^^^^^^^^^^^^^
  File "/home/karen/Desktop/FirstDjangoProject/.venv/lib/python3.12/site-packages/django/shortcuts.py", line 25, in render
    content = loader.render_to_string(template_name, context, request, using=using)
              ^^^^^^^^^^^^^^^^^^^^^^^^^^^^^^^^^^^^^^^^^^^^^^^^^^^^^^^^^^^^^^^^^^^^^
  File "/home/karen/Desktop/FirstDjangoProject/.venv/lib/python3.12/site-packages/django/template/loader.py", line 62, in render_to_string
    return template.render(context, request)
           ^^^^^^^^^^^^^^^^^^^^^^^^^^^^^^^^^
  File "/home/karen/Desktop/FirstDjangoProject/.venv/lib/python3.12/site-packages/django/template/backends/django.py", line 61, in render
    return self.template.render(context)
           ^^^^^^^^^^^^^^^^^^^^^^^^^^^^^
  File "/home/karen/Desktop/FirstDjangoProject/.venv/lib/python3.12/site-packages/django/template/base.py", line 171, in render
    return self._render(context)
           ^^^^^^^^^^^^^^^^^^^^^
  File "/home/karen/Desktop/FirstDjangoProject/.venv/lib/python3.12/site-packages/django/test/utils.py", line 111, in instrumented_test_render
    return self.nodelist.render(context)
           ^^^^^^^^^^^^^^^^^^^^^^^^^^^^^
  File "/home/karen/Desktop/FirstDjangoProject/.venv/lib/python3.12/site-packages/django/template/base.py", line 1000, in render
    return SafeString("".join([node.render_annotated(context) for node in self]))
                               ^^^^^^^^^^^^^^^^^^^^^^^^^^^^^^
  File "/home/karen/Desktop/FirstDjangoProject/.venv/lib/python3.12/site-packages/django/template/base.py", line 961, in render_annotated
    return self.render(context)
           ^^^^^^^^^^^^^^^^^^^^
  File "/home/karen/Desktop/FirstDjangoProject/.venv/lib/python3.12/site-packages/django/template/loader_tags.py", line 134, in render
    compiled_parent = self.get_parent(context)
                      ^^^^^^^^^^^^^^^^^^^^^^^^
  File "/home/karen/Desktop/FirstDjangoProject/.venv/lib/python3.12/site-packages/django/template/loader_tags.py", line 131, in get_parent
    return self.find_template(parent, context)
           ^^^^^^^^^^^^^^^^^^^^^^^^^^^^^^^^^^^
  File "/home/karen/Desktop/FirstDjangoProject/.venv/lib/python3.12/site-packages/django/template/loader_tags.py", line 109, in find_template
    template, origin = context.template.engine.find_template(
                       ^^^^^^^^^^^^^^^^^^^^^^^^^^^^^^^^^^^^^^
  File "/home/karen/Desktop/FirstDjangoProject/.venv/lib/python3.12/site-packages/django/template/engine.py", line 159, in find_template
    template = loader.get_template(name, skip=skip)
               ^^^^^^^^^^^^^^^^^^^^^^^^^^^^^^^^^^^^
  File "/home/karen/Desktop/FirstDjangoProject/.venv/lib/python3.12/site-packages/django/template/loaders/cached.py", line 57, in get_template
    template = super().get_template(template_name, skip)
               ^^^^^^^^^^^^^^^^^^^^^^^^^^^^^^^^^^^^^^^^^
  File "/home/karen/Desktop/FirstDjangoProject/.venv/lib/python3.12/site-packages/django/template/loaders/base.py", line 28, in get_template
    return Template(
           ^^^^^^^^^
  File "/home/karen/Desktop/FirstDjangoProject/.venv/lib/python3.12/site-packages/django/template/base.py", line 154, in __init__
    self.nodelist = self.compile_nodelist()
                    ^^^^^^^^^^^^^^^^^^^^^^^
  File "/home/karen/Desktop/FirstDjangoProject/.venv/lib/python3.12/site-packages/django/template/base.py", line 196, in compile_nodelist
    return parser.parse()
           ^^^^^^^^^^^^^^
  File "/home/karen/Desktop/FirstDjangoProject/.venv/lib/python3.12/site-packages/django/template/base.py", line 504, in parse
    self.invalid_block_tag(token, command, parse_until)
  File "/home/karen/Desktop/FirstDjangoProject/.venv/lib/python3.12/site-packages/django/template/base.py", line 565, in invalid_block_tag
    raise self.error(
django.template.exceptions.TemplateSyntaxError: Invalid block tag on line 6: 'static'. Did you forget to register or load this tag?
2024-05-01 10:11:18,284 [INFO] in shop.views: Rendering shop index
2024-05-01 10:11:18,314 [ERROR] in django.request: Internal Server Error: /en/
Traceback (most recent call last):
  File "/home/karen/Desktop/FirstDjangoProject/.venv/lib/python3.12/site-packages/django/template/base.py", line 502, in parse
    compile_func = self.tags[command]
                   ~~~~~~~~~^^^^^^^^^
KeyError: 'static'

During handling of the above exception, another exception occurred:

Traceback (most recent call last):
  File "/home/karen/Desktop/FirstDjangoProject/.venv/lib/python3.12/site-packages/django/core/handlers/exception.py", line 55, in inner
    response = get_response(request)
               ^^^^^^^^^^^^^^^^^^^^^
  File "/home/karen/Desktop/FirstDjangoProject/.venv/lib/python3.12/site-packages/django/core/handlers/base.py", line 197, in _get_response
    response = wrapped_callback(request, *callback_args, **callback_kwargs)
               ^^^^^^^^^^^^^^^^^^^^^^^^^^^^^^^^^^^^^^^^^^^^^^^^^^^^^^^^^^^^
  File "/home/karen/Desktop/FirstDjangoProject/Simple-django-project/mysite/shop/views.py", line 57, in index
    return render(request, 'shop/index.html', context)
           ^^^^^^^^^^^^^^^^^^^^^^^^^^^^^^^^^^^^^^^^^^^
  File "/home/karen/Desktop/FirstDjangoProject/.venv/lib/python3.12/site-packages/django/shortcuts.py", line 25, in render
    content = loader.render_to_string(template_name, context, request, using=using)
              ^^^^^^^^^^^^^^^^^^^^^^^^^^^^^^^^^^^^^^^^^^^^^^^^^^^^^^^^^^^^^^^^^^^^^
  File "/home/karen/Desktop/FirstDjangoProject/.venv/lib/python3.12/site-packages/django/template/loader.py", line 62, in render_to_string
    return template.render(context, request)
           ^^^^^^^^^^^^^^^^^^^^^^^^^^^^^^^^^
  File "/home/karen/Desktop/FirstDjangoProject/.venv/lib/python3.12/site-packages/django/template/backends/django.py", line 61, in render
    return self.template.render(context)
           ^^^^^^^^^^^^^^^^^^^^^^^^^^^^^
  File "/home/karen/Desktop/FirstDjangoProject/.venv/lib/python3.12/site-packages/django/template/base.py", line 171, in render
    return self._render(context)
           ^^^^^^^^^^^^^^^^^^^^^
  File "/home/karen/Desktop/FirstDjangoProject/.venv/lib/python3.12/site-packages/django/test/utils.py", line 111, in instrumented_test_render
    return self.nodelist.render(context)
           ^^^^^^^^^^^^^^^^^^^^^^^^^^^^^
  File "/home/karen/Desktop/FirstDjangoProject/.venv/lib/python3.12/site-packages/django/template/base.py", line 1000, in render
    return SafeString("".join([node.render_annotated(context) for node in self]))
                               ^^^^^^^^^^^^^^^^^^^^^^^^^^^^^^
  File "/home/karen/Desktop/FirstDjangoProject/.venv/lib/python3.12/site-packages/django/template/base.py", line 961, in render_annotated
    return self.render(context)
           ^^^^^^^^^^^^^^^^^^^^
  File "/home/karen/Desktop/FirstDjangoProject/.venv/lib/python3.12/site-packages/django/template/loader_tags.py", line 134, in render
    compiled_parent = self.get_parent(context)
                      ^^^^^^^^^^^^^^^^^^^^^^^^
  File "/home/karen/Desktop/FirstDjangoProject/.venv/lib/python3.12/site-packages/django/template/loader_tags.py", line 131, in get_parent
    return self.find_template(parent, context)
           ^^^^^^^^^^^^^^^^^^^^^^^^^^^^^^^^^^^
  File "/home/karen/Desktop/FirstDjangoProject/.venv/lib/python3.12/site-packages/django/template/loader_tags.py", line 109, in find_template
    template, origin = context.template.engine.find_template(
                       ^^^^^^^^^^^^^^^^^^^^^^^^^^^^^^^^^^^^^^
  File "/home/karen/Desktop/FirstDjangoProject/.venv/lib/python3.12/site-packages/django/template/engine.py", line 159, in find_template
    template = loader.get_template(name, skip=skip)
               ^^^^^^^^^^^^^^^^^^^^^^^^^^^^^^^^^^^^
  File "/home/karen/Desktop/FirstDjangoProject/.venv/lib/python3.12/site-packages/django/template/loaders/cached.py", line 57, in get_template
    template = super().get_template(template_name, skip)
               ^^^^^^^^^^^^^^^^^^^^^^^^^^^^^^^^^^^^^^^^^
  File "/home/karen/Desktop/FirstDjangoProject/.venv/lib/python3.12/site-packages/django/template/loaders/base.py", line 28, in get_template
    return Template(
           ^^^^^^^^^
  File "/home/karen/Desktop/FirstDjangoProject/.venv/lib/python3.12/site-packages/django/template/base.py", line 154, in __init__
    self.nodelist = self.compile_nodelist()
                    ^^^^^^^^^^^^^^^^^^^^^^^
  File "/home/karen/Desktop/FirstDjangoProject/.venv/lib/python3.12/site-packages/django/template/base.py", line 196, in compile_nodelist
    return parser.parse()
           ^^^^^^^^^^^^^^
  File "/home/karen/Desktop/FirstDjangoProject/.venv/lib/python3.12/site-packages/django/template/base.py", line 504, in parse
    self.invalid_block_tag(token, command, parse_until)
  File "/home/karen/Desktop/FirstDjangoProject/.venv/lib/python3.12/site-packages/django/template/base.py", line 565, in invalid_block_tag
    raise self.error(
django.template.exceptions.TemplateSyntaxError: Invalid block tag on line 6: 'static'. Did you forget to register or load this tag?
2024-05-01 10:11:18,447 [INFO] in shop.views: Rendering shop index
2024-05-01 10:11:18,477 [ERROR] in django.request: Internal Server Error: /en/
Traceback (most recent call last):
  File "/home/karen/Desktop/FirstDjangoProject/.venv/lib/python3.12/site-packages/django/template/base.py", line 502, in parse
    compile_func = self.tags[command]
                   ~~~~~~~~~^^^^^^^^^
KeyError: 'static'

During handling of the above exception, another exception occurred:

Traceback (most recent call last):
  File "/home/karen/Desktop/FirstDjangoProject/.venv/lib/python3.12/site-packages/django/core/handlers/exception.py", line 55, in inner
    response = get_response(request)
               ^^^^^^^^^^^^^^^^^^^^^
  File "/home/karen/Desktop/FirstDjangoProject/.venv/lib/python3.12/site-packages/django/core/handlers/base.py", line 197, in _get_response
    response = wrapped_callback(request, *callback_args, **callback_kwargs)
               ^^^^^^^^^^^^^^^^^^^^^^^^^^^^^^^^^^^^^^^^^^^^^^^^^^^^^^^^^^^^
  File "/home/karen/Desktop/FirstDjangoProject/Simple-django-project/mysite/shop/views.py", line 57, in index
    return render(request, 'shop/index.html', context)
           ^^^^^^^^^^^^^^^^^^^^^^^^^^^^^^^^^^^^^^^^^^^
  File "/home/karen/Desktop/FirstDjangoProject/.venv/lib/python3.12/site-packages/django/shortcuts.py", line 25, in render
    content = loader.render_to_string(template_name, context, request, using=using)
              ^^^^^^^^^^^^^^^^^^^^^^^^^^^^^^^^^^^^^^^^^^^^^^^^^^^^^^^^^^^^^^^^^^^^^
  File "/home/karen/Desktop/FirstDjangoProject/.venv/lib/python3.12/site-packages/django/template/loader.py", line 62, in render_to_string
    return template.render(context, request)
           ^^^^^^^^^^^^^^^^^^^^^^^^^^^^^^^^^
  File "/home/karen/Desktop/FirstDjangoProject/.venv/lib/python3.12/site-packages/django/template/backends/django.py", line 61, in render
    return self.template.render(context)
           ^^^^^^^^^^^^^^^^^^^^^^^^^^^^^
  File "/home/karen/Desktop/FirstDjangoProject/.venv/lib/python3.12/site-packages/django/template/base.py", line 171, in render
    return self._render(context)
           ^^^^^^^^^^^^^^^^^^^^^
  File "/home/karen/Desktop/FirstDjangoProject/.venv/lib/python3.12/site-packages/django/test/utils.py", line 111, in instrumented_test_render
    return self.nodelist.render(context)
           ^^^^^^^^^^^^^^^^^^^^^^^^^^^^^
  File "/home/karen/Desktop/FirstDjangoProject/.venv/lib/python3.12/site-packages/django/template/base.py", line 1000, in render
    return SafeString("".join([node.render_annotated(context) for node in self]))
                               ^^^^^^^^^^^^^^^^^^^^^^^^^^^^^^
  File "/home/karen/Desktop/FirstDjangoProject/.venv/lib/python3.12/site-packages/django/template/base.py", line 961, in render_annotated
    return self.render(context)
           ^^^^^^^^^^^^^^^^^^^^
  File "/home/karen/Desktop/FirstDjangoProject/.venv/lib/python3.12/site-packages/django/template/loader_tags.py", line 134, in render
    compiled_parent = self.get_parent(context)
                      ^^^^^^^^^^^^^^^^^^^^^^^^
  File "/home/karen/Desktop/FirstDjangoProject/.venv/lib/python3.12/site-packages/django/template/loader_tags.py", line 131, in get_parent
    return self.find_template(parent, context)
           ^^^^^^^^^^^^^^^^^^^^^^^^^^^^^^^^^^^
  File "/home/karen/Desktop/FirstDjangoProject/.venv/lib/python3.12/site-packages/django/template/loader_tags.py", line 109, in find_template
    template, origin = context.template.engine.find_template(
                       ^^^^^^^^^^^^^^^^^^^^^^^^^^^^^^^^^^^^^^
  File "/home/karen/Desktop/FirstDjangoProject/.venv/lib/python3.12/site-packages/django/template/engine.py", line 159, in find_template
    template = loader.get_template(name, skip=skip)
               ^^^^^^^^^^^^^^^^^^^^^^^^^^^^^^^^^^^^
  File "/home/karen/Desktop/FirstDjangoProject/.venv/lib/python3.12/site-packages/django/template/loaders/cached.py", line 57, in get_template
    template = super().get_template(template_name, skip)
               ^^^^^^^^^^^^^^^^^^^^^^^^^^^^^^^^^^^^^^^^^
  File "/home/karen/Desktop/FirstDjangoProject/.venv/lib/python3.12/site-packages/django/template/loaders/base.py", line 28, in get_template
    return Template(
           ^^^^^^^^^
  File "/home/karen/Desktop/FirstDjangoProject/.venv/lib/python3.12/site-packages/django/template/base.py", line 154, in __init__
    self.nodelist = self.compile_nodelist()
                    ^^^^^^^^^^^^^^^^^^^^^^^
  File "/home/karen/Desktop/FirstDjangoProject/.venv/lib/python3.12/site-packages/django/template/base.py", line 196, in compile_nodelist
    return parser.parse()
           ^^^^^^^^^^^^^^
  File "/home/karen/Desktop/FirstDjangoProject/.venv/lib/python3.12/site-packages/django/template/base.py", line 504, in parse
    self.invalid_block_tag(token, command, parse_until)
  File "/home/karen/Desktop/FirstDjangoProject/.venv/lib/python3.12/site-packages/django/template/base.py", line 565, in invalid_block_tag
    raise self.error(
django.template.exceptions.TemplateSyntaxError: Invalid block tag on line 6: 'static'. Did you forget to register or load this tag?
2024-05-01 10:11:18,597 [INFO] in shop.views: Rendering shop index
2024-05-01 10:11:18,626 [ERROR] in django.request: Internal Server Error: /en/
Traceback (most recent call last):
  File "/home/karen/Desktop/FirstDjangoProject/.venv/lib/python3.12/site-packages/django/template/base.py", line 502, in parse
    compile_func = self.tags[command]
                   ~~~~~~~~~^^^^^^^^^
KeyError: 'static'

During handling of the above exception, another exception occurred:

Traceback (most recent call last):
  File "/home/karen/Desktop/FirstDjangoProject/.venv/lib/python3.12/site-packages/django/core/handlers/exception.py", line 55, in inner
    response = get_response(request)
               ^^^^^^^^^^^^^^^^^^^^^
  File "/home/karen/Desktop/FirstDjangoProject/.venv/lib/python3.12/site-packages/django/core/handlers/base.py", line 197, in _get_response
    response = wrapped_callback(request, *callback_args, **callback_kwargs)
               ^^^^^^^^^^^^^^^^^^^^^^^^^^^^^^^^^^^^^^^^^^^^^^^^^^^^^^^^^^^^
  File "/home/karen/Desktop/FirstDjangoProject/Simple-django-project/mysite/shop/views.py", line 57, in index
    return render(request, 'shop/index.html', context)
           ^^^^^^^^^^^^^^^^^^^^^^^^^^^^^^^^^^^^^^^^^^^
  File "/home/karen/Desktop/FirstDjangoProject/.venv/lib/python3.12/site-packages/django/shortcuts.py", line 25, in render
    content = loader.render_to_string(template_name, context, request, using=using)
              ^^^^^^^^^^^^^^^^^^^^^^^^^^^^^^^^^^^^^^^^^^^^^^^^^^^^^^^^^^^^^^^^^^^^^
  File "/home/karen/Desktop/FirstDjangoProject/.venv/lib/python3.12/site-packages/django/template/loader.py", line 62, in render_to_string
    return template.render(context, request)
           ^^^^^^^^^^^^^^^^^^^^^^^^^^^^^^^^^
  File "/home/karen/Desktop/FirstDjangoProject/.venv/lib/python3.12/site-packages/django/template/backends/django.py", line 61, in render
    return self.template.render(context)
           ^^^^^^^^^^^^^^^^^^^^^^^^^^^^^
  File "/home/karen/Desktop/FirstDjangoProject/.venv/lib/python3.12/site-packages/django/template/base.py", line 171, in render
    return self._render(context)
           ^^^^^^^^^^^^^^^^^^^^^
  File "/home/karen/Desktop/FirstDjangoProject/.venv/lib/python3.12/site-packages/django/test/utils.py", line 111, in instrumented_test_render
    return self.nodelist.render(context)
           ^^^^^^^^^^^^^^^^^^^^^^^^^^^^^
  File "/home/karen/Desktop/FirstDjangoProject/.venv/lib/python3.12/site-packages/django/template/base.py", line 1000, in render
    return SafeString("".join([node.render_annotated(context) for node in self]))
                               ^^^^^^^^^^^^^^^^^^^^^^^^^^^^^^
  File "/home/karen/Desktop/FirstDjangoProject/.venv/lib/python3.12/site-packages/django/template/base.py", line 961, in render_annotated
    return self.render(context)
           ^^^^^^^^^^^^^^^^^^^^
  File "/home/karen/Desktop/FirstDjangoProject/.venv/lib/python3.12/site-packages/django/template/loader_tags.py", line 134, in render
    compiled_parent = self.get_parent(context)
                      ^^^^^^^^^^^^^^^^^^^^^^^^
  File "/home/karen/Desktop/FirstDjangoProject/.venv/lib/python3.12/site-packages/django/template/loader_tags.py", line 131, in get_parent
    return self.find_template(parent, context)
           ^^^^^^^^^^^^^^^^^^^^^^^^^^^^^^^^^^^
  File "/home/karen/Desktop/FirstDjangoProject/.venv/lib/python3.12/site-packages/django/template/loader_tags.py", line 109, in find_template
    template, origin = context.template.engine.find_template(
                       ^^^^^^^^^^^^^^^^^^^^^^^^^^^^^^^^^^^^^^
  File "/home/karen/Desktop/FirstDjangoProject/.venv/lib/python3.12/site-packages/django/template/engine.py", line 159, in find_template
    template = loader.get_template(name, skip=skip)
               ^^^^^^^^^^^^^^^^^^^^^^^^^^^^^^^^^^^^
  File "/home/karen/Desktop/FirstDjangoProject/.venv/lib/python3.12/site-packages/django/template/loaders/cached.py", line 57, in get_template
    template = super().get_template(template_name, skip)
               ^^^^^^^^^^^^^^^^^^^^^^^^^^^^^^^^^^^^^^^^^
  File "/home/karen/Desktop/FirstDjangoProject/.venv/lib/python3.12/site-packages/django/template/loaders/base.py", line 28, in get_template
    return Template(
           ^^^^^^^^^
  File "/home/karen/Desktop/FirstDjangoProject/.venv/lib/python3.12/site-packages/django/template/base.py", line 154, in __init__
    self.nodelist = self.compile_nodelist()
                    ^^^^^^^^^^^^^^^^^^^^^^^
  File "/home/karen/Desktop/FirstDjangoProject/.venv/lib/python3.12/site-packages/django/template/base.py", line 196, in compile_nodelist
    return parser.parse()
           ^^^^^^^^^^^^^^
  File "/home/karen/Desktop/FirstDjangoProject/.venv/lib/python3.12/site-packages/django/template/base.py", line 504, in parse
    self.invalid_block_tag(token, command, parse_until)
  File "/home/karen/Desktop/FirstDjangoProject/.venv/lib/python3.12/site-packages/django/template/base.py", line 565, in invalid_block_tag
    raise self.error(
django.template.exceptions.TemplateSyntaxError: Invalid block tag on line 6: 'static'. Did you forget to register or load this tag?
2024-05-01 10:13:04,455 [INFO] in shop.views: Rendering shop index
2024-05-01 10:13:04,748 [INFO] in shop.views: Rendering shop index
2024-05-01 10:13:05,196 [INFO] in shop.views: Rendering shop index
2024-05-01 10:13:05,321 [INFO] in shop.views: Rendering shop index
2024-05-01 10:13:05,473 [INFO] in shop.views: Rendering shop index
2024-05-01 10:13:05,791 [INFO] in shop.views: Rendering shop index
2024-05-01 10:13:05,909 [INFO] in shop.views: Rendering shop index
2024-05-01 10:13:06,112 [INFO] in shop.views: Rendering shop index
2024-05-01 10:13:06,229 [INFO] in shop.views: Rendering shop index
2024-05-01 10:13:06,398 [INFO] in shop.views: Rendering shop index
2024-05-01 10:13:06,635 [INFO] in shop.views: Rendering shop index
2024-05-01 10:13:06,796 [INFO] in shop.views: Rendering shop index
2024-05-01 10:13:07,000 [INFO] in shop.views: Rendering shop index
2024-05-01 10:13:07,305 [INFO] in shop.views: Rendering shop index
2024-05-01 10:13:12,390 [DEBUG] in psycopg.pq: couldn't import psycopg 'c' implementation: No module named 'psycopg_c'
2024-05-01 10:13:12,390 [DEBUG] in psycopg.pq: couldn't import psycopg 'binary' implementation: No module named 'psycopg_binary'
2024-05-01 10:13:12,699 [DEBUG] in psycopg.pq: couldn't import psycopg 'c' implementation: No module named 'psycopg_c'
2024-05-01 10:13:12,699 [DEBUG] in psycopg.pq: couldn't import psycopg 'binary' implementation: No module named 'psycopg_binary'
2024-05-01 10:13:12,800 [INFO] in django.utils.autoreload: Watching for file changes with StatReloader
2024-05-01 10:13:13,661 [INFO] in shop.views: Rendering shop index
2024-05-01 10:13:13,876 [INFO] in shop.views: Rendering shop index
2024-05-01 10:13:14,016 [INFO] in shop.views: Rendering shop index
2024-05-01 10:13:23,070 [INFO] in shop.views: Rendering shop index
2024-05-01 10:13:23,295 [INFO] in shop.views: Rendering shop index
2024-05-01 10:13:23,498 [INFO] in shop.views: Rendering shop index
2024-05-01 10:13:23,646 [INFO] in shop.views: Rendering shop index
2024-05-01 10:13:23,806 [INFO] in shop.views: Rendering shop index
2024-05-01 10:13:30,160 [INFO] in shop.views: Rendering shop index
2024-05-01 10:13:30,364 [INFO] in shop.views: Rendering shop index
2024-05-01 10:13:30,532 [INFO] in shop.views: Rendering shop index
2024-05-01 10:13:30,668 [INFO] in shop.views: Rendering shop index
2024-05-01 10:13:42,318 [INFO] in shop.views: Rendering shop index
2024-05-01 10:13:42,530 [INFO] in shop.views: Rendering shop index
2024-05-01 10:13:42,677 [INFO] in shop.views: Rendering shop index
2024-05-01 10:13:42,753 [WARNING] in django.request: Not Found: /deps/css/styles.css
2024-05-01 10:13:42,846 [INFO] in shop.views: Rendering shop index
2024-05-01 10:13:42,970 [WARNING] in django.request: Not Found: /deps/css/styles.css
2024-05-01 10:13:42,996 [INFO] in shop.views: Rendering shop index
2024-05-01 10:13:43,067 [WARNING] in django.request: Not Found: /deps/css/styles.css
2024-05-01 10:14:06,131 [DEBUG] in psycopg.pq: couldn't import psycopg 'c' implementation: No module named 'psycopg_c'
2024-05-01 10:14:06,131 [DEBUG] in psycopg.pq: couldn't import psycopg 'binary' implementation: No module named 'psycopg_binary'
2024-05-01 10:14:06,402 [DEBUG] in psycopg.pq: couldn't import psycopg 'c' implementation: No module named 'psycopg_c'
2024-05-01 10:14:06,402 [DEBUG] in psycopg.pq: couldn't import psycopg 'binary' implementation: No module named 'psycopg_binary'
2024-05-01 10:14:06,500 [INFO] in django.utils.autoreload: Watching for file changes with StatReloader
2024-05-01 10:14:08,144 [INFO] in shop.views: Rendering shop index
2024-05-01 10:16:27,371 [INFO] in django.utils.autoreload: /home/karen/Desktop/FirstDjangoProject/Simple-django-project/mysite/mysite/settings.py changed, reloading.
2024-05-01 10:16:28,477 [DEBUG] in psycopg.pq: couldn't import psycopg 'c' implementation: No module named 'psycopg_c'
2024-05-01 10:16:28,477 [DEBUG] in psycopg.pq: couldn't import psycopg 'binary' implementation: No module named 'psycopg_binary'
2024-05-01 10:16:28,744 [INFO] in django.utils.autoreload: Watching for file changes with StatReloader
2024-05-01 10:16:30,656 [INFO] in shop.views: Rendering shop index
2024-05-01 10:16:31,583 [INFO] in shop.views: Rendering shop index
2024-05-01 10:16:34,336 [DEBUG] in psycopg.pq: couldn't import psycopg 'c' implementation: No module named 'psycopg_c'
2024-05-01 10:16:34,337 [DEBUG] in psycopg.pq: couldn't import psycopg 'binary' implementation: No module named 'psycopg_binary'
2024-05-01 10:16:34,576 [DEBUG] in psycopg.pq: couldn't import psycopg 'c' implementation: No module named 'psycopg_c'
2024-05-01 10:16:34,576 [DEBUG] in psycopg.pq: couldn't import psycopg 'binary' implementation: No module named 'psycopg_binary'
2024-05-01 10:16:34,673 [INFO] in django.utils.autoreload: Watching for file changes with StatReloader
2024-05-01 10:16:36,027 [INFO] in shop.views: Rendering shop index
2024-05-01 10:16:36,235 [INFO] in shop.views: Rendering shop index
2024-05-01 10:16:36,478 [INFO] in shop.views: Rendering shop index
2024-05-01 10:18:32,880 [INFO] in shop.views: Rendering shop index
2024-05-01 10:18:33,285 [INFO] in shop.views: Rendering shop index
2024-05-01 10:18:33,454 [INFO] in shop.views: Rendering shop index
2024-05-01 10:18:33,624 [INFO] in shop.views: Rendering shop index
2024-05-01 10:18:41,862 [INFO] in shop.views: Rendering shop index
2024-05-01 10:18:42,059 [INFO] in shop.views: Rendering shop index
2024-05-01 10:18:42,208 [INFO] in shop.views: Rendering shop index
2024-05-01 10:18:46,277 [INFO] in shop.views: Rendering shop index
2024-05-01 10:18:46,383 [INFO] in shop.views: Rendering shop index
2024-05-01 10:19:43,242 [INFO] in shop.views: Rendering shop index
2024-05-01 10:19:43,410 [INFO] in shop.views: Rendering shop index
2024-05-01 10:19:43,597 [INFO] in shop.views: Rendering shop index
2024-05-01 10:19:43,803 [INFO] in shop.views: Rendering shop index
2024-05-01 10:21:52,764 [INFO] in shop.views: Rendering shop index
2024-05-01 10:21:53,118 [INFO] in shop.views: Rendering shop index
2024-05-01 10:21:53,365 [INFO] in shop.views: Rendering shop index
2024-05-01 10:21:53,550 [INFO] in shop.views: Rendering shop index
2024-05-01 10:21:53,759 [INFO] in shop.views: Rendering shop index
2024-05-01 10:21:53,971 [INFO] in shop.views: Rendering shop index
2024-05-01 10:21:54,202 [INFO] in shop.views: Rendering shop index
2024-05-01 10:21:54,406 [INFO] in shop.views: Rendering shop index
2024-05-01 10:21:54,631 [INFO] in shop.views: Rendering shop index
2024-05-01 10:21:54,817 [INFO] in shop.views: Rendering shop index
2024-05-01 10:22:00,110 [INFO] in shop.views: Rendering shop index
2024-05-01 10:22:06,333 [INFO] in shop.views: Rendering shop index
2024-05-01 10:22:06,520 [INFO] in shop.views: Rendering shop index
2024-05-01 10:23:06,011 [DEBUG] in psycopg.pq: couldn't import psycopg 'c' implementation: No module named 'psycopg_c'
2024-05-01 10:23:06,012 [DEBUG] in psycopg.pq: couldn't import psycopg 'binary' implementation: No module named 'psycopg_binary'
2024-05-01 10:23:06,323 [DEBUG] in psycopg.pq: couldn't import psycopg 'c' implementation: No module named 'psycopg_c'
2024-05-01 10:23:06,323 [DEBUG] in psycopg.pq: couldn't import psycopg 'binary' implementation: No module named 'psycopg_binary'
2024-05-01 10:23:06,420 [INFO] in django.utils.autoreload: Watching for file changes with StatReloader
2024-05-01 10:23:07,613 [INFO] in shop.views: Rendering shop index
2024-05-01 10:23:08,200 [INFO] in shop.views: Rendering shop index
2024-05-01 10:23:08,387 [INFO] in shop.views: Rendering shop index
2024-05-01 10:23:08,546 [INFO] in shop.views: Rendering shop index
2024-05-01 10:23:08,684 [INFO] in shop.views: Rendering shop index
2024-05-01 10:23:08,831 [INFO] in shop.views: Rendering shop index
2024-05-01 10:23:08,997 [INFO] in shop.views: Rendering shop index
2024-05-01 10:23:09,059 [INFO] in shop.views: Rendering shop index
2024-05-01 10:23:09,261 [INFO] in shop.views: Rendering shop index
2024-05-01 10:23:09,413 [INFO] in shop.views: Rendering shop index
2024-05-01 10:23:09,596 [INFO] in shop.views: Rendering shop index
2024-05-01 10:24:38,508 [INFO] in django.utils.autoreload: /home/karen/Desktop/FirstDjangoProject/Simple-django-project/mysite/mysite/settings.py changed, reloading.
2024-05-01 10:24:38,891 [DEBUG] in psycopg.pq: couldn't import psycopg 'c' implementation: No module named 'psycopg_c'
2024-05-01 10:24:38,891 [DEBUG] in psycopg.pq: couldn't import psycopg 'binary' implementation: No module named 'psycopg_binary'
2024-05-01 10:24:39,025 [INFO] in django.utils.autoreload: Watching for file changes with StatReloader
2024-05-01 10:24:41,828 [INFO] in shop.views: Rendering shop index
2024-05-01 10:24:42,566 [INFO] in shop.views: Rendering shop index
2024-05-01 10:24:42,765 [INFO] in shop.views: Rendering shop index
2024-05-01 10:24:42,958 [INFO] in shop.views: Rendering shop index
2024-05-01 10:24:43,128 [INFO] in shop.views: Rendering shop index
2024-05-01 10:24:43,318 [INFO] in shop.views: Rendering shop index
2024-05-01 10:24:43,503 [INFO] in shop.views: Rendering shop index
2024-05-01 10:24:43,851 [INFO] in shop.views: Rendering shop index
2024-05-01 10:24:44,090 [INFO] in shop.views: Rendering shop index
2024-05-01 10:24:44,262 [INFO] in shop.views: Rendering shop index
2024-05-01 10:24:44,465 [INFO] in shop.views: Rendering shop index
2024-05-01 10:24:44,708 [INFO] in shop.views: Rendering shop index
2024-05-01 10:24:44,990 [INFO] in shop.views: Rendering shop index
2024-05-01 10:24:45,211 [INFO] in shop.views: Rendering shop index
2024-05-01 10:24:45,407 [INFO] in shop.views: Rendering shop index
2024-05-01 10:24:45,598 [INFO] in shop.views: Rendering shop index
2024-05-01 10:24:51,096 [DEBUG] in psycopg.pq: couldn't import psycopg 'c' implementation: No module named 'psycopg_c'
2024-05-01 10:24:51,097 [DEBUG] in psycopg.pq: couldn't import psycopg 'binary' implementation: No module named 'psycopg_binary'
2024-05-01 10:24:51,333 [DEBUG] in psycopg.pq: couldn't import psycopg 'c' implementation: No module named 'psycopg_c'
2024-05-01 10:24:51,333 [DEBUG] in psycopg.pq: couldn't import psycopg 'binary' implementation: No module named 'psycopg_binary'
2024-05-01 10:24:51,429 [INFO] in django.utils.autoreload: Watching for file changes with StatReloader
2024-05-01 10:24:52,558 [INFO] in shop.views: Rendering shop index
2024-05-01 10:24:52,754 [INFO] in shop.views: Rendering shop index
2024-05-01 10:24:52,866 [INFO] in shop.views: Rendering shop index
2024-05-01 10:24:53,080 [INFO] in shop.views: Rendering shop index
2024-05-01 10:24:53,286 [INFO] in shop.views: Rendering shop index
2024-05-01 10:25:35,455 [INFO] in django.utils.autoreload: /home/karen/Desktop/FirstDjangoProject/Simple-django-project/mysite/mysite/settings.py changed, reloading.
2024-05-01 10:25:35,852 [DEBUG] in psycopg.pq: couldn't import psycopg 'c' implementation: No module named 'psycopg_c'
2024-05-01 10:25:35,852 [DEBUG] in psycopg.pq: couldn't import psycopg 'binary' implementation: No module named 'psycopg_binary'
2024-05-01 10:25:35,999 [INFO] in django.utils.autoreload: Watching for file changes with StatReloader
2024-05-01 10:26:12,906 [INFO] in django.utils.autoreload: /home/karen/Desktop/FirstDjangoProject/Simple-django-project/mysite/mysite/urls.py changed, reloading.
2024-05-01 10:26:13,271 [DEBUG] in psycopg.pq: couldn't import psycopg 'c' implementation: No module named 'psycopg_c'
2024-05-01 10:26:13,271 [DEBUG] in psycopg.pq: couldn't import psycopg 'binary' implementation: No module named 'psycopg_binary'
2024-05-01 10:26:13,405 [INFO] in django.utils.autoreload: Watching for file changes with StatReloader
2024-05-01 10:26:13,688 [INFO] in shop.views: Rendering shop index
2024-05-01 10:26:14,094 [INFO] in shop.views: Rendering shop index
2024-05-01 10:26:14,476 [INFO] in shop.views: Rendering shop index
2024-05-01 10:26:14,623 [INFO] in shop.views: Rendering shop index
2024-05-01 10:26:14,806 [INFO] in shop.views: Rendering shop index
2024-05-01 10:26:14,929 [INFO] in shop.views: Rendering shop index
2024-05-01 10:26:23,414 [DEBUG] in psycopg.pq: couldn't import psycopg 'c' implementation: No module named 'psycopg_c'
2024-05-01 10:26:23,414 [DEBUG] in psycopg.pq: couldn't import psycopg 'binary' implementation: No module named 'psycopg_binary'
2024-05-01 10:26:23,683 [DEBUG] in psycopg.pq: couldn't import psycopg 'c' implementation: No module named 'psycopg_c'
2024-05-01 10:26:23,683 [DEBUG] in psycopg.pq: couldn't import psycopg 'binary' implementation: No module named 'psycopg_binary'
2024-05-01 10:26:23,780 [INFO] in django.utils.autoreload: Watching for file changes with StatReloader
2024-05-01 10:26:24,703 [INFO] in shop.views: Rendering shop index
2024-05-01 10:26:24,902 [INFO] in shop.views: Rendering shop index
2024-05-01 10:26:25,047 [INFO] in shop.views: Rendering shop index
2024-05-01 10:26:25,189 [INFO] in shop.views: Rendering shop index
2024-05-01 10:26:51,520 [INFO] in django.utils.autoreload: /home/karen/Desktop/FirstDjangoProject/Simple-django-project/mysite/mysite/urls.py changed, reloading.
2024-05-01 10:26:51,796 [DEBUG] in psycopg.pq: couldn't import psycopg 'c' implementation: No module named 'psycopg_c'
2024-05-01 10:26:51,796 [DEBUG] in psycopg.pq: couldn't import psycopg 'binary' implementation: No module named 'psycopg_binary'
2024-05-01 10:26:51,894 [INFO] in django.utils.autoreload: Watching for file changes with StatReloader
2024-05-01 10:27:53,207 [INFO] in django.utils.autoreload: /home/karen/Desktop/FirstDjangoProject/Simple-django-project/mysite/mysite/settings.py changed, reloading.
2024-05-01 10:27:53,643 [DEBUG] in psycopg.pq: couldn't import psycopg 'c' implementation: No module named 'psycopg_c'
2024-05-01 10:27:53,643 [DEBUG] in psycopg.pq: couldn't import psycopg 'binary' implementation: No module named 'psycopg_binary'
2024-05-01 10:27:53,792 [INFO] in django.utils.autoreload: Watching for file changes with StatReloader
2024-05-01 10:28:08,190 [INFO] in django.utils.autoreload: /home/karen/Desktop/FirstDjangoProject/Simple-django-project/mysite/mysite/urls.py changed, reloading.
2024-05-01 10:28:08,511 [DEBUG] in psycopg.pq: couldn't import psycopg 'c' implementation: No module named 'psycopg_c'
2024-05-01 10:28:08,511 [DEBUG] in psycopg.pq: couldn't import psycopg 'binary' implementation: No module named 'psycopg_binary'
2024-05-01 10:28:08,608 [INFO] in django.utils.autoreload: Watching for file changes with StatReloader
2024-05-01 10:28:08,803 [INFO] in shop.views: Rendering shop index
2024-05-01 10:28:09,355 [INFO] in shop.views: Rendering shop index
2024-05-01 10:28:09,520 [WARNING] in django.request: Not Found: /favicon.ico
2024-05-01 10:28:10,482 [INFO] in shop.views: Rendering shop index
2024-05-01 10:28:10,636 [INFO] in shop.views: Rendering shop index
2024-05-01 10:28:10,819 [INFO] in shop.views: Rendering shop index
2024-05-01 10:28:11,021 [INFO] in shop.views: Rendering shop index
2024-05-01 10:28:12,282 [INFO] in shop.views: Rendering shop index
2024-05-01 10:28:12,401 [INFO] in shop.views: Rendering shop index
2024-05-01 10:28:15,932 [INFO] in shop.views: Rendering shop index
2024-05-01 10:28:16,030 [INFO] in django.utils.autoreload: /home/karen/Desktop/FirstDjangoProject/Simple-django-project/mysite/mysite/urls.py changed, reloading.
2024-05-01 10:28:16,374 [DEBUG] in psycopg.pq: couldn't import psycopg 'c' implementation: No module named 'psycopg_c'
2024-05-01 10:28:16,375 [DEBUG] in psycopg.pq: couldn't import psycopg 'binary' implementation: No module named 'psycopg_binary'
2024-05-01 10:28:16,483 [INFO] in django.utils.autoreload: Watching for file changes with StatReloader
2024-05-01 10:28:17,065 [INFO] in shop.views: Rendering shop index
2024-05-01 10:28:17,229 [INFO] in shop.views: Rendering shop index
2024-05-01 10:28:17,392 [INFO] in shop.views: Rendering shop index
2024-05-01 10:28:17,513 [INFO] in shop.views: Rendering shop index
2024-05-01 10:28:17,672 [INFO] in shop.views: Rendering shop index
2024-05-01 10:28:43,099 [INFO] in shop.views: Rendering shop index
2024-05-01 10:28:43,513 [INFO] in shop.views: Rendering shop index
2024-05-01 10:28:43,685 [INFO] in shop.views: Rendering shop index
2024-05-01 10:28:43,838 [INFO] in shop.views: Rendering shop index
2024-05-01 10:28:43,995 [INFO] in shop.views: Rendering shop index
2024-05-01 10:28:44,147 [INFO] in shop.views: Rendering shop index
2024-05-01 10:28:44,290 [INFO] in shop.views: Rendering shop index
2024-05-01 10:28:44,455 [INFO] in shop.views: Rendering shop index
2024-05-01 10:28:44,608 [INFO] in shop.views: Rendering shop index
2024-05-01 10:28:44,735 [INFO] in shop.views: Rendering shop index
2024-05-01 10:28:44,908 [INFO] in shop.views: Rendering shop index
2024-05-01 10:28:50,169 [INFO] in shop.views: Rendering shop index
2024-05-01 10:28:50,308 [INFO] in shop.views: Rendering shop index
2024-05-01 10:28:50,508 [INFO] in shop.views: Rendering shop index
2024-05-01 10:28:55,928 [INFO] in shop.views: Rendering shop index
2024-05-01 10:28:56,097 [INFO] in shop.views: Rendering shop index
2024-05-01 10:28:56,254 [INFO] in shop.views: Rendering shop index
2024-05-01 10:29:51,110 [INFO] in shop.views: Rendering shop index
2024-05-01 10:30:36,888 [INFO] in shop.views: Rendering shop index
2024-05-01 10:30:37,317 [INFO] in shop.views: Rendering shop index
2024-05-01 10:30:37,480 [INFO] in shop.views: Rendering shop index
2024-05-01 10:30:37,667 [INFO] in shop.views: Rendering shop index
2024-05-01 10:30:37,944 [INFO] in shop.views: Rendering shop index
2024-05-01 10:30:38,166 [INFO] in shop.views: Rendering shop index
2024-05-01 10:30:38,365 [INFO] in shop.views: Rendering shop index
2024-05-01 10:30:38,552 [INFO] in shop.views: Rendering shop index
2024-05-01 10:30:38,753 [INFO] in shop.views: Rendering shop index
2024-05-01 10:30:43,366 [INFO] in shop.views: Rendering shop index
2024-05-01 10:30:43,786 [INFO] in shop.views: Rendering shop index
2024-05-01 10:30:43,947 [INFO] in shop.views: Rendering shop index
2024-05-01 10:31:36,644 [INFO] in shop.views: Rendering shop index
2024-05-01 10:31:36,939 [INFO] in shop.views: Rendering shop index
2024-05-01 10:31:37,136 [INFO] in shop.views: Rendering shop index
2024-05-01 10:31:37,309 [INFO] in shop.views: Rendering shop index
2024-05-01 10:33:22,068 [INFO] in shop.views: Rendering shop index
2024-05-01 10:33:22,248 [INFO] in shop.views: Rendering shop index
2024-05-01 10:33:22,622 [INFO] in shop.views: Rendering shop index
2024-05-01 10:36:59,363 [INFO] in django.utils.autoreload: /home/karen/Desktop/FirstDjangoProject/Simple-django-project/mysite/blogapp/admin.py changed, reloading.
2024-05-01 10:37:00,551 [DEBUG] in psycopg.pq: couldn't import psycopg 'c' implementation: No module named 'psycopg_c'
2024-05-01 10:37:00,551 [DEBUG] in psycopg.pq: couldn't import psycopg 'binary' implementation: No module named 'psycopg_binary'
2024-05-01 10:37:00,794 [INFO] in django.utils.autoreload: Watching for file changes with StatReloader
2024-05-01 10:37:34,925 [WARNING] in django.request: Not Found: /favicon.ico
2024-05-01 10:37:35,085 [INFO] in django.utils.autoreload: /home/karen/Desktop/FirstDjangoProject/Simple-django-project/mysite/blogapp/admin.py changed, reloading.
2024-05-01 10:37:35,570 [DEBUG] in psycopg.pq: couldn't import psycopg 'c' implementation: No module named 'psycopg_c'
2024-05-01 10:37:35,571 [DEBUG] in psycopg.pq: couldn't import psycopg 'binary' implementation: No module named 'psycopg_binary'
2024-05-01 10:37:35,755 [INFO] in django.utils.autoreload: Watching for file changes with StatReloader
2024-05-01 10:37:36,142 [WARNING] in django.request: Not Found: /favicon.ico
2024-05-01 13:44:22,362 [INFO] in shop.views: Rendering shop index
2024-05-01 13:44:27,335 [INFO] in shop.views: Rendering shop index
2024-05-01 13:44:27,669 [INFO] in shop.views: Rendering shop index
2024-05-01 13:44:27,795 [INFO] in shop.views: Rendering shop index
2024-05-01 13:44:28,013 [INFO] in shop.views: Rendering shop index
2024-05-01 13:46:55,521 [INFO] in shop.views: Rendering shop index
2024-05-01 13:46:56,154 [INFO] in shop.views: Rendering shop index
2024-05-01 13:46:56,314 [INFO] in shop.views: Rendering shop index
2024-05-01 13:47:19,731 [INFO] in shop.views: Rendering shop index
2024-05-01 13:47:20,313 [INFO] in shop.views: Rendering shop index
2024-05-01 13:47:22,673 [INFO] in shop.views: Rendering shop index
2024-05-01 13:47:23,116 [INFO] in shop.views: Rendering shop index
2024-05-01 13:47:23,270 [INFO] in shop.views: Rendering shop index
2024-05-01 13:47:23,439 [INFO] in shop.views: Rendering shop index
2024-05-01 13:47:23,601 [INFO] in shop.views: Rendering shop index
2024-05-01 13:47:27,328 [INFO] in shop.views: Rendering shop index
2024-05-01 13:47:27,659 [INFO] in shop.views: Rendering shop index
2024-05-01 13:47:27,815 [INFO] in shop.views: Rendering shop index
2024-05-01 13:48:23,523 [INFO] in shop.views: Rendering shop index
2024-05-01 13:48:24,015 [INFO] in shop.views: Rendering shop index
2024-05-01 13:48:24,173 [INFO] in shop.views: Rendering shop index
2024-05-01 13:48:24,326 [INFO] in shop.views: Rendering shop index
2024-05-01 13:48:24,489 [INFO] in shop.views: Rendering shop index
2024-05-01 13:48:24,699 [INFO] in shop.views: Rendering shop index
2024-05-01 13:48:24,895 [INFO] in shop.views: Rendering shop index
2024-05-01 13:48:25,119 [INFO] in shop.views: Rendering shop index
2024-05-01 13:48:25,303 [INFO] in shop.views: Rendering shop index
2024-05-01 13:48:25,457 [INFO] in shop.views: Rendering shop index
2024-05-01 13:48:25,662 [INFO] in shop.views: Rendering shop index
2024-05-01 13:48:25,801 [INFO] in shop.views: Rendering shop index
2024-05-01 13:48:25,977 [INFO] in shop.views: Rendering shop index
2024-05-01 13:48:26,214 [INFO] in shop.views: Rendering shop index
2024-05-01 13:48:26,393 [INFO] in shop.views: Rendering shop index
2024-05-01 13:48:26,565 [INFO] in shop.views: Rendering shop index
2024-05-01 13:48:26,730 [INFO] in shop.views: Rendering shop index
2024-05-01 13:48:27,227 [INFO] in shop.views: Rendering shop index
2024-05-01 13:48:27,258 [INFO] in shop.views: Rendering shop index
2024-05-01 13:48:27,287 [INFO] in shop.views: Rendering shop index
2024-05-01 13:48:27,317 [INFO] in shop.views: Rendering shop index
2024-05-01 13:48:27,341 [INFO] in shop.views: Rendering shop index
2024-05-01 13:48:27,372 [INFO] in shop.views: Rendering shop index
2024-05-01 13:48:27,402 [INFO] in shop.views: Rendering shop index
2024-05-01 13:48:27,429 [INFO] in shop.views: Rendering shop index
2024-05-01 13:48:27,458 [INFO] in shop.views: Rendering shop index
2024-05-01 13:48:27,492 [INFO] in shop.views: Rendering shop index
2024-05-01 13:48:27,521 [INFO] in shop.views: Rendering shop index
2024-05-01 13:48:27,555 [INFO] in shop.views: Rendering shop index
2024-05-01 13:48:27,591 [INFO] in shop.views: Rendering shop index
2024-05-01 13:48:27,618 [INFO] in shop.views: Rendering shop index
2024-05-01 13:48:27,645 [INFO] in shop.views: Rendering shop index
2024-05-01 13:48:27,673 [INFO] in shop.views: Rendering shop index
2024-05-01 13:48:27,702 [INFO] in shop.views: Rendering shop index
2024-05-01 13:48:27,729 [INFO] in shop.views: Rendering shop index
2024-05-01 13:48:27,758 [INFO] in shop.views: Rendering shop index
2024-05-01 13:48:27,790 [INFO] in shop.views: Rendering shop index
2024-05-01 13:48:27,820 [INFO] in shop.views: Rendering shop index
2024-05-01 13:48:27,852 [INFO] in shop.views: Rendering shop index
2024-05-01 13:50:28,822 [INFO] in shop.views: Rendering shop index
2024-05-01 13:50:29,097 [INFO] in shop.views: Rendering shop index
2024-05-01 13:50:29,311 [INFO] in shop.views: Rendering shop index
2024-05-01 13:50:29,482 [INFO] in shop.views: Rendering shop index
2024-05-01 13:50:42,374 [INFO] in shop.views: Rendering shop index
2024-05-01 13:50:42,807 [INFO] in shop.views: Rendering shop index
2024-05-01 13:50:43,016 [INFO] in shop.views: Rendering shop index
2024-05-01 13:50:43,231 [INFO] in shop.views: Rendering shop index
2024-05-01 13:50:43,775 [INFO] in shop.views: Rendering shop index
2024-05-01 13:50:46,594 [INFO] in shop.views: Rendering shop index
2024-05-01 13:50:50,979 [INFO] in shop.views: Rendering shop index
2024-05-01 13:50:58,290 [INFO] in shop.views: Rendering shop index
2024-05-01 13:50:59,391 [INFO] in shop.views: Rendering shop index
2024-05-01 13:51:04,141 [INFO] in shop.views: Rendering shop index
2024-05-01 13:51:04,372 [INFO] in shop.views: Rendering shop index
2024-05-01 13:51:04,589 [INFO] in shop.views: Rendering shop index
2024-05-01 13:51:11,749 [INFO] in shop.views: Rendering shop index
2024-05-01 13:51:12,174 [INFO] in shop.views: Rendering shop index
2024-05-01 13:51:18,420 [INFO] in shop.views: Rendering shop index
2024-05-01 13:51:18,662 [INFO] in shop.views: Rendering shop index
2024-05-01 13:51:18,831 [INFO] in shop.views: Rendering shop index
2024-05-01 13:51:26,464 [INFO] in shop.views: Rendering shop index
2024-05-01 13:51:26,653 [INFO] in shop.views: Rendering shop index
2024-05-01 13:51:26,783 [INFO] in shop.views: Rendering shop index
2024-05-01 13:51:28,004 [INFO] in shop.views: Rendering shop index
2024-05-01 13:51:28,176 [INFO] in shop.views: Rendering shop index
2024-05-01 13:51:28,361 [INFO] in shop.views: Rendering shop index
2024-05-01 13:51:28,487 [INFO] in shop.views: Rendering shop index
2024-05-01 13:51:28,676 [INFO] in shop.views: Rendering shop index
2024-05-01 13:51:28,875 [INFO] in shop.views: Rendering shop index
2024-05-01 13:51:29,002 [INFO] in shop.views: Rendering shop index
2024-05-01 13:51:29,464 [INFO] in shop.views: Rendering shop index
2024-05-01 13:52:00,120 [INFO] in shop.views: Rendering shop index
2024-05-01 13:52:00,307 [INFO] in shop.views: Rendering shop index
2024-05-01 13:52:00,483 [INFO] in shop.views: Rendering shop index
2024-05-01 13:52:12,290 [INFO] in shop.views: Rendering shop index
2024-05-01 13:52:12,434 [INFO] in shop.views: Rendering shop index
2024-05-01 13:52:12,567 [INFO] in shop.views: Rendering shop index
2024-05-01 13:52:12,976 [INFO] in shop.views: Rendering shop index
2024-05-01 13:52:13,143 [INFO] in shop.views: Rendering shop index
2024-05-01 13:52:29,123 [INFO] in shop.views: Rendering shop index
2024-05-01 13:52:29,512 [INFO] in shop.views: Rendering shop index
2024-05-01 13:52:33,382 [INFO] in shop.views: Rendering shop index
2024-05-01 13:52:33,557 [INFO] in shop.views: Rendering shop index
2024-05-01 13:52:33,720 [INFO] in shop.views: Rendering shop index
2024-05-01 13:52:39,070 [INFO] in shop.views: Rendering shop index
2024-05-01 13:52:39,491 [INFO] in shop.views: Rendering shop index
2024-05-01 13:52:39,726 [INFO] in shop.views: Rendering shop index
2024-05-01 13:52:39,916 [INFO] in shop.views: Rendering shop index
2024-05-01 13:52:40,106 [INFO] in shop.views: Rendering shop index
2024-05-01 13:52:40,317 [INFO] in shop.views: Rendering shop index
2024-05-01 13:52:40,486 [INFO] in shop.views: Rendering shop index
2024-05-01 13:52:41,025 [INFO] in shop.views: Rendering shop index
2024-05-01 13:52:45,267 [INFO] in shop.views: Rendering shop index
2024-05-01 13:52:45,544 [INFO] in shop.views: Rendering shop index
2024-05-01 13:52:51,014 [INFO] in shop.views: Rendering shop index
2024-05-01 13:52:51,479 [INFO] in shop.views: Rendering shop index
2024-05-01 13:52:52,071 [INFO] in shop.views: Rendering shop index
2024-05-01 13:52:52,939 [INFO] in shop.views: Rendering shop index
2024-05-01 13:52:55,948 [INFO] in shop.views: Rendering shop index
2024-05-01 13:52:56,370 [INFO] in shop.views: Rendering shop index
2024-05-01 13:52:56,601 [INFO] in shop.views: Rendering shop index
2024-05-01 13:52:56,741 [INFO] in shop.views: Rendering shop index
2024-05-01 13:52:58,947 [INFO] in shop.views: Rendering shop index
2024-05-01 13:52:59,147 [INFO] in shop.views: Rendering shop index
2024-05-01 13:53:03,319 [INFO] in shop.views: Rendering shop index
2024-05-01 13:53:03,573 [INFO] in shop.views: Rendering shop index
2024-05-01 13:53:03,727 [INFO] in shop.views: Rendering shop index
2024-05-01 13:53:07,118 [INFO] in shop.views: Rendering shop index
2024-05-01 13:53:07,280 [INFO] in shop.views: Rendering shop index
2024-05-01 13:53:10,847 [INFO] in shop.views: Rendering shop index
2024-05-01 13:53:11,062 [INFO] in shop.views: Rendering shop index
2024-05-01 13:53:11,241 [INFO] in shop.views: Rendering shop index
2024-05-01 13:53:11,354 [INFO] in shop.views: Rendering shop index
2024-05-01 13:53:11,529 [INFO] in shop.views: Rendering shop index
2024-05-01 13:53:11,692 [INFO] in shop.views: Rendering shop index
2024-05-01 13:53:12,032 [INFO] in shop.views: Rendering shop index
2024-05-01 13:53:12,225 [INFO] in shop.views: Rendering shop index
2024-05-01 13:53:12,419 [INFO] in shop.views: Rendering shop index
2024-05-01 13:53:12,560 [INFO] in shop.views: Rendering shop index
2024-05-01 13:53:12,739 [INFO] in shop.views: Rendering shop index
2024-05-01 13:53:12,870 [INFO] in shop.views: Rendering shop index
2024-05-01 13:53:13,025 [INFO] in shop.views: Rendering shop index
2024-05-01 13:53:13,143 [INFO] in shop.views: Rendering shop index
2024-05-01 13:53:13,280 [INFO] in shop.views: Rendering shop index
2024-05-01 13:53:13,831 [INFO] in shop.views: Rendering shop index
2024-05-01 13:53:19,446 [INFO] in shop.views: Rendering shop index
2024-05-01 13:53:19,714 [INFO] in shop.views: Rendering shop index
2024-05-01 13:53:19,849 [INFO] in shop.views: Rendering shop index
2024-05-01 13:53:23,103 [INFO] in shop.views: Rendering shop index
2024-05-01 13:53:23,302 [INFO] in shop.views: Rendering shop index
2024-05-01 13:53:23,489 [INFO] in shop.views: Rendering shop index
2024-05-01 13:53:23,611 [INFO] in shop.views: Rendering shop index
2024-05-01 13:53:27,066 [INFO] in shop.views: Rendering shop index
2024-05-01 13:53:27,250 [INFO] in shop.views: Rendering shop index
2024-05-01 13:53:27,395 [INFO] in shop.views: Rendering shop index
2024-05-01 13:53:27,545 [INFO] in shop.views: Rendering shop index
2024-05-01 13:53:31,269 [INFO] in shop.views: Rendering shop index
2024-05-01 13:53:31,400 [INFO] in shop.views: Rendering shop index
2024-05-01 13:53:31,606 [INFO] in shop.views: Rendering shop index
2024-05-01 13:53:38,902 [INFO] in shop.views: Rendering shop index
2024-05-01 13:53:39,274 [INFO] in shop.views: Rendering shop index
2024-05-01 13:53:46,946 [INFO] in shop.views: Rendering shop index
2024-05-01 13:53:47,143 [INFO] in shop.views: Rendering shop index
2024-05-01 13:53:47,333 [INFO] in shop.views: Rendering shop index
2024-05-01 13:53:47,512 [INFO] in shop.views: Rendering shop index
2024-05-01 13:53:47,762 [INFO] in shop.views: Rendering shop index
2024-05-01 13:53:47,961 [INFO] in shop.views: Rendering shop index
2024-05-01 13:53:48,156 [INFO] in shop.views: Rendering shop index
2024-05-01 13:53:58,591 [INFO] in shop.views: Rendering shop index
2024-05-01 13:53:58,812 [INFO] in shop.views: Rendering shop index
2024-05-01 13:53:58,978 [INFO] in shop.views: Rendering shop index
2024-05-01 13:53:59,167 [INFO] in shop.views: Rendering shop index
2024-05-01 13:53:59,309 [INFO] in shop.views: Rendering shop index
2024-05-01 13:53:59,460 [INFO] in shop.views: Rendering shop index
2024-05-01 13:53:59,597 [INFO] in shop.views: Rendering shop index
2024-05-01 13:53:59,729 [INFO] in shop.views: Rendering shop index
2024-05-01 13:53:59,859 [INFO] in shop.views: Rendering shop index
2024-05-01 13:54:17,607 [INFO] in shop.views: Rendering shop index
2024-05-01 13:54:17,834 [INFO] in shop.views: Rendering shop index
2024-05-01 13:54:17,963 [INFO] in shop.views: Rendering shop index
2024-05-01 13:54:18,139 [INFO] in shop.views: Rendering shop index
2024-05-01 13:54:18,261 [INFO] in shop.views: Rendering shop index
2024-05-01 13:54:36,995 [INFO] in shop.views: Rendering shop index
2024-05-01 13:54:37,362 [INFO] in shop.views: Rendering shop index
2024-05-01 13:54:37,653 [INFO] in shop.views: Rendering shop index
2024-05-01 13:54:37,879 [INFO] in shop.views: Rendering shop index
2024-05-01 13:54:38,102 [INFO] in shop.views: Rendering shop index
2024-05-01 13:55:28,110 [INFO] in shop.views: Rendering shop index
2024-05-01 13:55:28,679 [INFO] in shop.views: Rendering shop index
2024-05-01 13:55:29,504 [INFO] in shop.views: Rendering shop index
2024-05-01 13:55:40,676 [INFO] in shop.views: Rendering shop index
2024-05-01 13:55:40,973 [INFO] in shop.views: Rendering shop index
2024-05-01 13:55:41,229 [INFO] in shop.views: Rendering shop index
2024-05-01 13:56:57,071 [INFO] in shop.views: Rendering shop index
2024-05-01 13:56:57,953 [INFO] in shop.views: Rendering shop index
2024-05-01 13:57:07,913 [INFO] in shop.views: Rendering shop index
2024-05-01 13:57:08,311 [INFO] in shop.views: Rendering shop index
2024-05-01 13:57:08,516 [INFO] in shop.views: Rendering shop index
2024-05-01 13:57:09,506 [INFO] in shop.views: Rendering shop index
2024-05-01 13:57:09,801 [INFO] in shop.views: Rendering shop index
2024-05-01 13:57:10,001 [INFO] in shop.views: Rendering shop index
2024-05-01 13:57:51,174 [INFO] in shop.views: Rendering shop index
2024-05-01 13:57:51,575 [INFO] in shop.views: Rendering shop index
2024-05-01 13:58:00,342 [INFO] in shop.views: Rendering shop index
2024-05-01 13:58:00,562 [INFO] in shop.views: Rendering shop index
2024-05-01 13:58:00,743 [INFO] in shop.views: Rendering shop index
2024-05-01 13:58:04,697 [INFO] in shop.views: Rendering shop index
2024-05-01 13:58:04,846 [INFO] in shop.views: Rendering shop index
2024-05-01 13:58:05,084 [INFO] in shop.views: Rendering shop index
2024-05-01 13:58:05,263 [INFO] in shop.views: Rendering shop index
2024-05-01 13:58:05,423 [INFO] in shop.views: Rendering shop index
2024-05-01 13:58:09,870 [INFO] in shop.views: Rendering shop index
2024-05-01 13:58:09,972 [INFO] in shop.views: Rendering shop index
2024-05-01 13:58:10,036 [WARNING] in django.request: Not Found: /favicon.ico
2024-05-01 13:58:10,155 [INFO] in shop.views: Rendering shop index
2024-05-01 13:58:10,363 [INFO] in shop.views: Rendering shop index
2024-05-01 13:58:11,093 [INFO] in shop.views: Rendering shop index
2024-05-01 13:58:11,273 [INFO] in shop.views: Rendering shop index
2024-05-01 13:58:11,452 [INFO] in shop.views: Rendering shop index
2024-05-01 13:58:11,636 [INFO] in shop.views: Rendering shop index
2024-05-01 13:58:16,829 [INFO] in shop.views: Rendering shop index
2024-05-01 13:58:18,043 [INFO] in shop.views: Rendering shop index
2024-05-01 13:58:18,824 [INFO] in shop.views: Rendering shop index
2024-05-01 13:58:19,047 [INFO] in shop.views: Rendering shop index
2024-05-01 13:58:23,128 [INFO] in shop.views: Rendering shop index
2024-05-01 13:58:23,413 [INFO] in shop.views: Rendering shop index
2024-05-01 13:58:26,299 [INFO] in shop.views: Rendering shop index
2024-05-01 13:58:26,697 [INFO] in shop.views: Rendering shop index
2024-05-01 13:58:26,714 [INFO] in shop.views: Rendering shop index
2024-05-01 13:58:27,265 [INFO] in shop.views: Rendering shop index
2024-05-01 13:58:27,435 [INFO] in shop.views: Rendering shop index
2024-05-01 13:58:31,140 [INFO] in shop.views: Rendering shop index
2024-05-01 13:58:31,340 [INFO] in shop.views: Rendering shop index
2024-05-01 13:58:31,473 [INFO] in shop.views: Rendering shop index
2024-05-01 13:58:35,101 [INFO] in shop.views: Rendering shop index
2024-05-01 13:58:35,355 [INFO] in shop.views: Rendering shop index
2024-05-01 13:58:35,539 [INFO] in shop.views: Rendering shop index
2024-05-01 13:58:35,707 [INFO] in shop.views: Rendering shop index
2024-05-01 13:58:38,624 [INFO] in shop.views: Rendering shop index
2024-05-01 13:58:38,846 [INFO] in shop.views: Rendering shop index
2024-05-01 13:58:39,012 [INFO] in shop.views: Rendering shop index
2024-05-01 13:58:44,725 [INFO] in shop.views: Rendering shop index
2024-05-01 13:58:45,013 [INFO] in shop.views: Rendering shop index
2024-05-01 13:58:45,203 [INFO] in shop.views: Rendering shop index
2024-05-01 13:58:47,294 [INFO] in shop.views: Rendering shop index
2024-05-01 13:58:47,469 [INFO] in shop.views: Rendering shop index
2024-05-01 13:58:47,647 [INFO] in shop.views: Rendering shop index
2024-05-01 13:58:57,439 [INFO] in shop.views: Rendering shop index
2024-05-01 13:58:57,637 [INFO] in shop.views: Rendering shop index
2024-05-01 13:59:01,374 [INFO] in shop.views: Rendering shop index
2024-05-01 13:59:01,545 [INFO] in shop.views: Rendering shop index
2024-05-01 13:59:05,231 [INFO] in shop.views: Rendering shop index
2024-05-01 13:59:05,476 [INFO] in shop.views: Rendering shop index
2024-05-01 13:59:08,139 [INFO] in shop.views: Rendering shop index
2024-05-01 13:59:11,582 [INFO] in shop.views: Rendering shop index
2024-05-01 13:59:11,772 [INFO] in shop.views: Rendering shop index
2024-05-01 13:59:22,270 [INFO] in shop.views: Rendering shop index
2024-05-01 13:59:22,502 [INFO] in shop.views: Rendering shop index
2024-05-01 13:59:22,731 [INFO] in shop.views: Rendering shop index
2024-05-01 13:59:23,260 [INFO] in shop.views: Rendering shop index
2024-05-01 13:59:23,482 [INFO] in shop.views: Rendering shop index
2024-05-01 13:59:26,267 [INFO] in shop.views: Rendering shop index
2024-05-01 13:59:26,457 [INFO] in shop.views: Rendering shop index
2024-05-01 13:59:28,642 [INFO] in shop.views: Rendering shop index
2024-05-01 13:59:28,828 [INFO] in shop.views: Rendering shop index
2024-05-01 13:59:29,006 [INFO] in shop.views: Rendering shop index
2024-05-01 13:59:31,364 [INFO] in shop.views: Rendering shop index
2024-05-01 13:59:31,571 [INFO] in shop.views: Rendering shop index
2024-05-01 13:59:31,725 [INFO] in shop.views: Rendering shop index
2024-05-01 13:59:36,576 [INFO] in shop.views: Rendering shop index
2024-05-01 13:59:36,777 [INFO] in shop.views: Rendering shop index
2024-05-01 13:59:37,045 [INFO] in shop.views: Rendering shop index
2024-05-01 13:59:39,595 [INFO] in shop.views: Rendering shop index
2024-05-01 13:59:39,783 [INFO] in shop.views: Rendering shop index
2024-05-01 13:59:39,943 [INFO] in shop.views: Rendering shop index
2024-05-01 13:59:43,161 [INFO] in shop.views: Rendering shop index
2024-05-01 13:59:43,333 [INFO] in shop.views: Rendering shop index
2024-05-01 13:59:46,962 [INFO] in shop.views: Rendering shop index
2024-05-01 13:59:47,239 [INFO] in shop.views: Rendering shop index
2024-05-01 13:59:47,405 [INFO] in shop.views: Rendering shop index
2024-05-01 13:59:50,935 [INFO] in shop.views: Rendering shop index
2024-05-01 13:59:51,248 [INFO] in shop.views: Rendering shop index
2024-05-01 13:59:53,277 [INFO] in shop.views: Rendering shop index
2024-05-01 13:59:53,426 [INFO] in shop.views: Rendering shop index
2024-05-01 13:59:56,545 [INFO] in shop.views: Rendering shop index
2024-05-01 13:59:56,743 [INFO] in shop.views: Rendering shop index
2024-05-01 13:59:56,953 [INFO] in shop.views: Rendering shop index
2024-05-01 13:59:59,454 [INFO] in shop.views: Rendering shop index
2024-05-01 13:59:59,609 [INFO] in shop.views: Rendering shop index
2024-05-01 13:59:59,793 [INFO] in shop.views: Rendering shop index
2024-05-01 14:00:02,106 [INFO] in shop.views: Rendering shop index
2024-05-01 14:00:02,276 [INFO] in shop.views: Rendering shop index
2024-05-01 14:03:23,700 [INFO] in shop.views: Rendering shop index
2024-05-01 14:03:24,484 [INFO] in shop.views: Rendering shop index
2024-05-01 14:03:42,877 [INFO] in shop.views: Rendering shop index
2024-05-01 14:03:43,467 [INFO] in shop.views: Rendering shop index
2024-05-01 14:03:43,868 [INFO] in shop.views: Rendering shop index
2024-05-01 14:03:44,018 [INFO] in shop.views: Rendering shop index
2024-05-01 14:03:44,205 [INFO] in shop.views: Rendering shop index
2024-05-01 14:03:46,617 [INFO] in shop.views: Rendering shop index
2024-05-01 14:03:46,797 [INFO] in shop.views: Rendering shop index
2024-05-01 14:03:46,978 [INFO] in shop.views: Rendering shop index
2024-05-01 14:04:02,325 [INFO] in shop.views: Rendering shop index
2024-05-01 14:04:02,711 [INFO] in shop.views: Rendering shop index
2024-05-01 14:04:02,882 [INFO] in shop.views: Rendering shop index
2024-05-01 14:04:35,658 [INFO] in shop.views: Rendering shop index
2024-05-01 14:04:36,055 [INFO] in shop.views: Rendering shop index
2024-05-01 14:04:36,216 [INFO] in shop.views: Rendering shop index
2024-05-01 14:04:53,770 [INFO] in shop.views: Rendering shop index
2024-05-01 14:04:54,320 [INFO] in shop.views: Rendering shop index
2024-05-01 14:05:06,395 [INFO] in shop.views: Rendering shop index
2024-05-01 14:05:06,889 [INFO] in shop.views: Rendering shop index
2024-05-01 14:05:10,050 [WARNING] in django.request: Not Found: /favicon.ico
2024-05-01 14:10:23,275 [INFO] in shop.views: Rendering shop index
2024-05-01 14:10:24,429 [INFO] in shop.views: Rendering shop index
2024-05-01 14:10:24,737 [INFO] in shop.views: Rendering shop index
2024-05-01 14:10:24,914 [INFO] in shop.views: Rendering shop index
2024-05-01 14:10:25,046 [INFO] in shop.views: Rendering shop index
2024-05-01 14:10:25,214 [INFO] in shop.views: Rendering shop index
2024-05-01 14:10:25,470 [INFO] in shop.views: Rendering shop index
2024-05-01 14:10:25,647 [INFO] in shop.views: Rendering shop index
2024-05-01 14:10:25,877 [INFO] in shop.views: Rendering shop index
2024-05-01 14:10:26,365 [INFO] in shop.views: Rendering shop index
2024-05-01 14:10:26,401 [INFO] in shop.views: Rendering shop index
2024-05-01 14:10:26,434 [INFO] in shop.views: Rendering shop index
2024-05-01 14:10:26,464 [INFO] in shop.views: Rendering shop index
2024-05-01 14:10:26,493 [INFO] in shop.views: Rendering shop index
2024-05-01 14:10:26,523 [INFO] in shop.views: Rendering shop index
2024-05-01 14:10:26,553 [INFO] in shop.views: Rendering shop index
2024-05-01 14:10:26,589 [INFO] in shop.views: Rendering shop index
2024-05-01 14:10:26,618 [INFO] in shop.views: Rendering shop index
2024-05-01 14:10:26,645 [INFO] in shop.views: Rendering shop index
2024-05-01 14:10:26,676 [INFO] in shop.views: Rendering shop index
2024-05-01 14:10:26,706 [INFO] in shop.views: Rendering shop index
2024-05-01 14:10:26,737 [INFO] in shop.views: Rendering shop index
2024-05-01 14:10:26,769 [INFO] in shop.views: Rendering shop index
2024-05-01 14:10:26,794 [INFO] in shop.views: Rendering shop index
2024-05-01 14:10:26,826 [INFO] in shop.views: Rendering shop index
2024-05-01 14:10:26,854 [INFO] in shop.views: Rendering shop index
2024-05-01 14:10:26,882 [INFO] in shop.views: Rendering shop index
2024-05-01 14:10:27,044 [INFO] in shop.views: Rendering shop index
2024-05-01 14:10:27,204 [INFO] in shop.views: Rendering shop index
2024-05-01 14:10:27,539 [INFO] in shop.views: Rendering shop index
2024-05-01 14:11:33,878 [DEBUG] in psycopg.pq: couldn't import psycopg 'c' implementation: No module named 'psycopg_c'
2024-05-01 14:11:33,879 [DEBUG] in psycopg.pq: couldn't import psycopg 'binary' implementation: No module named 'psycopg_binary'
2024-05-01 14:11:34,173 [DEBUG] in psycopg.pq: couldn't import psycopg 'c' implementation: No module named 'psycopg_c'
2024-05-01 14:11:34,174 [DEBUG] in psycopg.pq: couldn't import psycopg 'binary' implementation: No module named 'psycopg_binary'
2024-05-01 14:11:34,270 [INFO] in django.utils.autoreload: Watching for file changes with StatReloader
2024-05-01 14:11:37,027 [INFO] in shop.views: Rendering shop index
2024-05-01 14:11:37,709 [INFO] in shop.views: Rendering shop index
2024-05-01 14:12:24,586 [DEBUG] in psycopg.pq: couldn't import psycopg 'c' implementation: No module named 'psycopg_c'
2024-05-01 14:12:24,586 [DEBUG] in psycopg.pq: couldn't import psycopg 'binary' implementation: No module named 'psycopg_binary'
2024-05-01 14:12:24,861 [DEBUG] in psycopg.pq: couldn't import psycopg 'c' implementation: No module named 'psycopg_c'
2024-05-01 14:12:24,861 [DEBUG] in psycopg.pq: couldn't import psycopg 'binary' implementation: No module named 'psycopg_binary'
2024-05-01 14:12:24,965 [INFO] in django.utils.autoreload: Watching for file changes with StatReloader
2024-05-01 14:12:30,344 [INFO] in shop.views: Rendering shop index
2024-05-01 14:12:30,824 [INFO] in shop.views: Rendering shop index
2024-05-01 14:12:31,031 [INFO] in shop.views: Rendering shop index
2024-05-01 14:12:41,685 [INFO] in shop.views: Rendering shop index
2024-05-01 14:12:42,300 [INFO] in shop.views: Rendering shop index
2024-05-01 14:13:07,923 [INFO] in shop.views: Rendering shop index
2024-05-01 14:13:08,336 [INFO] in shop.views: Rendering shop index
2024-05-01 14:13:08,523 [INFO] in shop.views: Rendering shop index
2024-05-01 14:13:08,685 [INFO] in shop.views: Rendering shop index
2024-05-01 14:13:19,503 [INFO] in shop.views: Rendering shop index
2024-05-01 14:13:20,107 [INFO] in shop.views: Rendering shop index
2024-05-01 14:15:01,938 [INFO] in shop.views: Rendering shop index
2024-05-01 14:15:02,431 [INFO] in shop.views: Rendering shop index
2024-05-01 14:15:02,813 [INFO] in shop.views: Rendering shop index
2024-05-01 14:15:03,060 [INFO] in shop.views: Rendering shop index
2024-05-01 14:15:03,248 [INFO] in shop.views: Rendering shop index
2024-05-01 14:15:38,895 [INFO] in shop.views: Rendering shop index
2024-05-01 14:15:39,788 [INFO] in shop.views: Rendering shop index
2024-05-01 14:15:41,270 [INFO] in shop.views: Rendering shop index
2024-05-01 14:15:41,550 [INFO] in shop.views: Rendering shop index
2024-05-01 14:15:41,784 [INFO] in shop.views: Rendering shop index
2024-05-01 14:15:43,301 [INFO] in shop.views: Rendering shop index
2024-05-01 14:15:43,825 [INFO] in shop.views: Rendering shop index
2024-05-01 14:15:44,207 [INFO] in shop.views: Rendering shop index
2024-05-01 14:20:10,721 [INFO] in shop.views: Rendering shop index
2024-05-01 14:20:11,255 [INFO] in shop.views: Rendering shop index
2024-05-01 14:20:11,628 [INFO] in shop.views: Rendering shop index
2024-05-01 14:20:11,789 [INFO] in shop.views: Rendering shop index
2024-05-01 14:20:11,963 [INFO] in shop.views: Rendering shop index
2024-05-01 14:20:12,122 [INFO] in shop.views: Rendering shop index
2024-05-01 14:20:23,698 [INFO] in shop.views: Rendering shop index
2024-05-01 14:20:24,084 [INFO] in shop.views: Rendering shop index
2024-05-01 14:20:24,277 [INFO] in shop.views: Rendering shop index
2024-05-01 14:20:24,430 [INFO] in shop.views: Rendering shop index
2024-05-01 14:20:24,545 [INFO] in shop.views: Rendering shop index
2024-05-01 14:20:38,231 [INFO] in shop.views: Rendering shop index
2024-05-01 14:20:38,412 [INFO] in shop.views: Rendering shop index
2024-05-01 14:20:38,599 [INFO] in shop.views: Rendering shop index
2024-05-01 14:20:38,731 [INFO] in shop.views: Rendering shop index
2024-05-01 14:20:39,152 [INFO] in shop.views: Rendering shop index
2024-05-01 14:20:39,434 [INFO] in shop.views: Rendering shop index
2024-05-01 14:20:40,031 [INFO] in shop.views: Rendering shop index
2024-05-01 14:20:41,794 [INFO] in shop.views: Rendering shop index
2024-05-01 14:20:41,986 [INFO] in shop.views: Rendering shop index
2024-05-01 14:20:42,166 [INFO] in shop.views: Rendering shop index
2024-05-01 14:20:43,198 [INFO] in shop.views: Rendering shop index
2024-05-01 14:20:43,447 [INFO] in shop.views: Rendering shop index
2024-05-01 14:20:43,699 [INFO] in shop.views: Rendering shop index
2024-05-01 14:20:43,982 [INFO] in shop.views: Rendering shop index
2024-05-01 14:20:44,332 [INFO] in shop.views: Rendering shop index
2024-05-01 14:20:44,417 [INFO] in shop.views: Rendering shop index
2024-05-01 14:20:44,573 [INFO] in shop.views: Rendering shop index
2024-05-01 14:21:04,301 [INFO] in shop.views: Rendering shop index
2024-05-01 14:21:04,506 [INFO] in shop.views: Rendering shop index
2024-05-01 14:24:13,744 [INFO] in shop.views: Rendering shop index
2024-05-01 14:24:14,216 [WARNING] in django.request: Not Found: /favicon.ico
2024-05-01 14:24:14,558 [INFO] in shop.views: Rendering shop index
2024-05-01 14:24:15,036 [INFO] in shop.views: Rendering shop index
2024-05-01 14:24:15,245 [INFO] in shop.views: Rendering shop index
2024-05-01 14:24:15,399 [INFO] in shop.views: Rendering shop index
2024-05-01 14:24:15,604 [INFO] in shop.views: Rendering shop index
2024-05-01 14:24:15,869 [INFO] in shop.views: Rendering shop index
2024-05-01 14:24:16,150 [INFO] in shop.views: Rendering shop index
2024-05-01 14:24:16,544 [INFO] in shop.views: Rendering shop index
2024-05-01 14:30:06,344 [INFO] in shop.views: Rendering shop index
2024-05-01 14:30:06,411 [INFO] in shop.views: Rendering shop index
2024-05-01 14:30:06,675 [WARNING] in django.request: Not Found: /favicon.ico
2024-05-01 14:30:06,703 [INFO] in shop.views: Rendering shop index
2024-05-01 14:30:07,078 [INFO] in shop.views: Rendering shop index
2024-05-01 14:30:07,111 [INFO] in shop.views: Rendering shop index
2024-05-01 14:30:07,353 [INFO] in shop.views: Rendering shop index
2024-05-01 14:30:07,661 [INFO] in shop.views: Rendering shop index
2024-05-01 14:30:08,274 [INFO] in shop.views: Rendering shop index
2024-05-01 14:30:08,862 [INFO] in shop.views: Rendering shop index
2024-05-01 14:30:08,963 [INFO] in shop.views: Rendering shop index
2024-05-01 14:30:10,181 [INFO] in shop.views: Rendering shop index
2024-05-01 14:30:10,308 [INFO] in shop.views: Rendering shop index
2024-05-01 14:30:10,491 [INFO] in shop.views: Rendering shop index
2024-05-01 14:30:11,715 [INFO] in shop.views: Rendering shop index
2024-05-01 14:30:11,964 [INFO] in shop.views: Rendering shop index
2024-05-01 14:30:27,793 [INFO] in shop.views: Rendering shop index
2024-05-01 14:30:27,989 [INFO] in shop.views: Rendering shop index
2024-05-01 14:30:28,217 [INFO] in shop.views: Rendering shop index
2024-05-01 14:30:28,446 [INFO] in shop.views: Rendering shop index
2024-05-01 14:30:29,083 [INFO] in shop.views: Rendering shop index
2024-05-01 14:30:29,298 [INFO] in shop.views: Rendering shop index
2024-05-01 14:30:29,462 [INFO] in shop.views: Rendering shop index
2024-05-01 14:30:29,618 [INFO] in shop.views: Rendering shop index
2024-05-01 14:30:29,759 [INFO] in shop.views: Rendering shop index
2024-05-01 14:30:29,917 [INFO] in shop.views: Rendering shop index
2024-05-01 14:30:30,379 [INFO] in shop.views: Rendering shop index
2024-05-01 14:30:36,545 [INFO] in shop.views: Rendering shop index
2024-05-01 14:30:36,750 [INFO] in shop.views: Rendering shop index
2024-05-01 14:31:04,894 [WARNING] in django.request: Not Found: /favicon.ico
2024-05-01 14:31:18,574 [INFO] in shop.views: Rendering shop index
2024-05-01 14:31:18,852 [INFO] in shop.views: Rendering shop index
2024-05-01 14:31:24,045 [INFO] in shop.views: Rendering shop index
2024-05-01 14:31:24,379 [INFO] in shop.views: Rendering shop index
2024-05-01 14:31:24,682 [INFO] in shop.views: Rendering shop index
2024-05-01 14:31:24,881 [INFO] in shop.views: Rendering shop index
2024-05-01 14:31:25,082 [INFO] in shop.views: Rendering shop index
2024-05-01 14:31:25,485 [INFO] in shop.views: Rendering shop index
2024-05-01 14:31:25,855 [INFO] in shop.views: Rendering shop index
2024-05-01 14:31:25,999 [INFO] in shop.views: Rendering shop index
2024-05-01 14:31:26,230 [INFO] in shop.views: Rendering shop index
2024-05-01 14:31:26,333 [INFO] in shop.views: Rendering shop index
2024-05-01 14:31:26,483 [INFO] in shop.views: Rendering shop index
2024-05-01 14:31:34,267 [INFO] in shop.views: Rendering shop index
2024-05-01 14:31:34,463 [INFO] in shop.views: Rendering shop index
2024-05-01 14:31:34,636 [INFO] in shop.views: Rendering shop index
2024-05-01 14:31:39,976 [INFO] in shop.views: Rendering shop index
2024-05-01 14:31:40,325 [INFO] in shop.views: Rendering shop index
2024-05-01 14:31:40,457 [INFO] in shop.views: Rendering shop index
2024-05-01 14:31:40,687 [INFO] in shop.views: Rendering shop index
2024-05-01 14:31:40,919 [INFO] in shop.views: Rendering shop index
2024-05-01 14:31:41,146 [INFO] in shop.views: Rendering shop index
2024-05-01 14:31:41,297 [INFO] in shop.views: Rendering shop index
2024-05-01 14:31:41,450 [INFO] in shop.views: Rendering shop index
2024-05-01 14:31:41,599 [INFO] in shop.views: Rendering shop index
2024-05-01 14:31:44,812 [INFO] in shop.views: Rendering shop index
2024-05-01 14:31:45,033 [INFO] in shop.views: Rendering shop index
2024-05-01 14:31:45,224 [INFO] in shop.views: Rendering shop index
2024-05-01 14:31:45,629 [INFO] in shop.views: Rendering shop index
2024-05-01 14:31:45,780 [INFO] in shop.views: Rendering shop index
2024-05-01 14:31:45,971 [INFO] in shop.views: Rendering shop index
2024-05-01 14:32:58,201 [INFO] in shop.views: Rendering shop index
2024-05-01 14:32:58,909 [INFO] in shop.views: Rendering shop index
2024-05-01 14:32:59,247 [INFO] in shop.views: Rendering shop index
2024-05-01 14:32:59,781 [INFO] in shop.views: Rendering shop index
2024-05-01 14:50:32,889 [INFO] in shop.views: Rendering shop index
2024-05-01 14:50:33,211 [WARNING] in django.request: Not Found: /favicon.ico
2024-05-01 14:50:33,278 [INFO] in shop.views: Rendering shop index
2024-05-01 14:50:33,950 [INFO] in shop.views: Rendering shop index
2024-05-01 14:50:34,147 [INFO] in shop.views: Rendering shop index
2024-05-01 14:50:34,373 [INFO] in shop.views: Rendering shop index
2024-05-01 14:50:34,490 [INFO] in shop.views: Rendering shop index
2024-05-01 14:50:34,668 [INFO] in shop.views: Rendering shop index
2024-05-01 14:50:34,810 [INFO] in shop.views: Rendering shop index
2024-05-01 14:50:34,984 [INFO] in shop.views: Rendering shop index
2024-05-01 14:50:35,448 [INFO] in shop.views: Rendering shop index
2024-05-01 14:50:51,709 [INFO] in shop.views: Rendering shop index
2024-05-01 14:50:52,146 [INFO] in shop.views: Rendering shop index
2024-05-01 14:50:52,386 [INFO] in shop.views: Rendering shop index
2024-05-01 14:50:52,603 [INFO] in shop.views: Rendering shop index
2024-05-01 14:50:53,164 [INFO] in shop.views: Rendering shop index
2024-05-01 14:50:53,775 [INFO] in shop.views: Rendering shop index
2024-05-01 14:52:08,840 [INFO] in shop.views: Rendering shop index
2024-05-01 14:52:09,552 [INFO] in shop.views: Rendering shop index
2024-05-01 14:52:09,774 [INFO] in shop.views: Rendering shop index
2024-05-01 14:52:09,969 [INFO] in shop.views: Rendering shop index
2024-05-01 14:52:21,289 [INFO] in shop.views: Rendering shop index
2024-05-01 14:52:21,697 [INFO] in shop.views: Rendering shop index
2024-05-01 14:52:33,692 [INFO] in shop.views: Rendering shop index
2024-05-01 14:52:34,287 [INFO] in shop.views: Rendering shop index
2024-05-01 14:56:00,289 [WARNING] in django.request: Not Found: /favicon.ico
2024-05-01 14:56:12,415 [WARNING] in django.request: Not Found: /favicon.ico
2024-05-01 14:58:43,717 [WARNING] in django.request: Not Found: /favicon.ico
2024-05-01 14:59:41,680 [WARNING] in django.request: Not Found: /favicon.ico
2024-05-01 15:03:48,945 [WARNING] in django.request: Not Found: /favicon.ico
2024-05-01 15:07:49,637 [INFO] in shop.views: Rendering shop index
2024-05-01 15:07:49,836 [WARNING] in django.request: Not Found: /favicon.ico
2024-05-01 15:09:39,304 [INFO] in shop.views: Rendering shop index
2024-05-01 15:09:39,773 [INFO] in shop.views: Rendering shop index
2024-05-01 15:09:40,073 [INFO] in shop.views: Rendering shop index
2024-05-01 15:09:40,281 [INFO] in shop.views: Rendering shop index
2024-05-01 15:09:40,451 [INFO] in shop.views: Rendering shop index
2024-05-01 15:09:45,940 [INFO] in shop.views: Rendering shop index
2024-05-01 15:10:27,266 [INFO] in shop.views: Rendering shop index
2024-05-01 15:10:27,703 [INFO] in shop.views: Rendering shop index
2024-05-01 15:10:27,919 [INFO] in shop.views: Rendering shop index
2024-05-01 15:10:28,126 [INFO] in shop.views: Rendering shop index
2024-05-01 15:10:28,376 [INFO] in shop.views: Rendering shop index
2024-05-01 15:11:02,049 [INFO] in shop.views: Rendering shop index
2024-05-01 15:11:02,346 [INFO] in shop.views: Rendering shop index
2024-05-01 15:11:02,553 [INFO] in shop.views: Rendering shop index
2024-05-01 15:11:02,772 [INFO] in shop.views: Rendering shop index
2024-05-01 15:11:03,591 [INFO] in shop.views: Rendering shop index
2024-05-01 15:11:58,215 [INFO] in shop.views: Rendering shop index
2024-05-01 15:12:19,028 [INFO] in shop.views: Rendering shop index
2024-05-01 15:12:19,221 [INFO] in shop.views: Rendering shop index
2024-05-01 15:12:19,369 [INFO] in shop.views: Rendering shop index
2024-05-01 15:12:19,521 [INFO] in shop.views: Rendering shop index
2024-05-01 15:12:19,667 [INFO] in shop.views: Rendering shop index
2024-05-01 15:12:19,815 [INFO] in shop.views: Rendering shop index
2024-05-01 15:12:19,932 [INFO] in shop.views: Rendering shop index
2024-05-01 15:12:38,061 [INFO] in shop.views: Rendering shop index
2024-05-01 15:12:38,288 [INFO] in shop.views: Rendering shop index
2024-05-01 15:12:38,482 [INFO] in shop.views: Rendering shop index
2024-05-01 15:12:38,700 [INFO] in shop.views: Rendering shop index
2024-05-01 15:12:38,830 [INFO] in shop.views: Rendering shop index
2024-05-01 15:12:38,972 [INFO] in shop.views: Rendering shop index
2024-05-01 15:12:39,105 [INFO] in shop.views: Rendering shop index
2024-05-01 15:12:49,540 [INFO] in shop.views: Rendering shop index
2024-05-01 15:12:49,945 [INFO] in shop.views: Rendering shop index
2024-05-01 15:12:50,125 [INFO] in shop.views: Rendering shop index
2024-05-01 15:12:50,257 [INFO] in shop.views: Rendering shop index
2024-05-01 15:13:37,392 [WARNING] in django.request: Not Found: /favicon.ico
2024-05-01 15:13:46,520 [WARNING] in django.request: Not Found: /favicon.ico
2024-05-01 15:13:52,083 [WARNING] in django.request: Not Found: /favicon.ico
2024-05-01 15:13:57,715 [WARNING] in django.request: Not Found: /favicon.ico
2024-05-01 15:14:13,806 [WARNING] in django.request: Not Found: /favicon.ico
2024-05-01 15:14:16,878 [WARNING] in django.request: Not Found: /favicon.ico
2024-05-01 15:14:23,334 [WARNING] in django.request: Not Found: /favicon.ico
2024-05-01 15:14:42,660 [WARNING] in django.request: Not Found: /favicon.ico
2024-05-01 15:15:03,885 [WARNING] in django.request: Not Found: /favicon.ico
2024-05-01 15:15:18,922 [WARNING] in django.request: Not Found: /favicon.ico
2024-05-01 15:15:31,373 [WARNING] in django.request: Not Found: /favicon.ico
2024-05-01 15:15:46,961 [WARNING] in django.request: Not Found: /favicon.ico
2024-05-01 15:15:50,329 [WARNING] in django.request: Not Found: /favicon.ico
2024-05-01 15:15:57,779 [WARNING] in django.request: Not Found: /favicon.ico
2024-05-01 15:16:10,797 [WARNING] in django.request: Not Found: /favicon.ico
2024-05-01 15:16:17,347 [INFO] in shop.views: Rendering shop index
2024-05-01 15:16:17,521 [WARNING] in django.request: Not Found: /favicon.ico
2024-05-01 15:21:35,905 [WARNING] in django.request: Not Found: /favicon.ico
2024-05-01 15:23:41,749 [WARNING] in django.request: Not Found: /favicon.ico
2024-05-01 15:27:35,857 [WARNING] in django.request: Not Found: /favicon.ico
2024-05-01 15:27:58,690 [WARNING] in django.request: Not Found: /favicon.ico
2024-05-01 15:28:04,432 [INFO] in shop.views: Rendering shop index
2024-05-01 15:28:04,691 [INFO] in shop.views: Rendering shop index
2024-05-01 15:28:22,162 [INFO] in shop.views: Rendering shop index
2024-05-01 15:28:41,049 [INFO] in shop.views: Rendering shop index
2024-05-01 15:28:47,457 [INFO] in shop.views: Rendering shop index
2024-05-01 15:51:03,194 [INFO] in shop.views: Rendering shop index
2024-05-01 15:51:03,498 [INFO] in shop.views: Rendering shop index
2024-05-01 15:51:03,931 [INFO] in shop.views: Rendering shop index
2024-05-01 15:51:04,227 [INFO] in shop.views: Rendering shop index
2024-05-01 15:51:04,485 [INFO] in shop.views: Rendering shop index
2024-05-01 15:51:04,748 [INFO] in shop.views: Rendering shop index
2024-05-01 15:51:08,495 [INFO] in shop.views: Rendering shop index
2024-05-01 15:51:09,948 [INFO] in shop.views: Rendering shop index
2024-05-01 15:51:10,092 [INFO] in shop.views: Rendering shop index
2024-05-01 15:52:16,320 [INFO] in shop.views: Rendering shop index
2024-05-01 15:52:16,523 [INFO] in shop.views: Rendering shop index
2024-05-01 15:52:16,681 [INFO] in shop.views: Rendering shop index
2024-05-01 15:52:17,246 [INFO] in shop.views: Rendering shop index
2024-05-01 15:52:17,463 [INFO] in shop.views: Rendering shop index
2024-05-01 15:52:17,579 [INFO] in shop.views: Rendering shop index
2024-05-01 15:52:43,061 [INFO] in shop.views: Rendering shop index
2024-05-01 15:52:43,694 [INFO] in shop.views: Rendering shop index
2024-05-01 15:52:43,916 [INFO] in shop.views: Rendering shop index
2024-05-01 15:52:44,076 [INFO] in shop.views: Rendering shop index
2024-05-01 15:52:44,235 [INFO] in shop.views: Rendering shop index
2024-05-01 15:52:44,376 [INFO] in shop.views: Rendering shop index
2024-05-01 15:52:44,581 [INFO] in shop.views: Rendering shop index
2024-05-01 15:52:45,166 [INFO] in shop.views: Rendering shop index
2024-05-01 15:53:48,370 [INFO] in shop.views: Rendering shop index
2024-05-01 15:53:48,565 [WARNING] in django.request: Not Found: /favicon.ico
2024-05-01 15:53:48,897 [INFO] in shop.views: Rendering shop index
2024-05-01 15:53:49,229 [INFO] in shop.views: Rendering shop index
2024-05-01 15:54:41,016 [INFO] in shop.views: Rendering shop index
2024-05-01 15:54:41,138 [WARNING] in django.request: Not Found: /favicon.ico
2024-05-01 15:54:41,632 [INFO] in shop.views: Rendering shop index
2024-05-01 15:54:41,748 [INFO] in shop.views: Rendering shop index
2024-05-01 15:54:41,972 [INFO] in shop.views: Rendering shop index
2024-05-01 15:54:42,548 [INFO] in shop.views: Rendering shop index
2024-05-01 15:54:42,723 [INFO] in shop.views: Rendering shop index
2024-05-01 15:54:42,924 [INFO] in shop.views: Rendering shop index
2024-05-01 15:54:43,139 [INFO] in shop.views: Rendering shop index
2024-05-01 15:54:43,717 [INFO] in shop.views: Rendering shop index
2024-05-01 15:54:43,914 [INFO] in shop.views: Rendering shop index
2024-05-01 15:54:44,090 [INFO] in shop.views: Rendering shop index
2024-05-01 15:54:46,954 [WARNING] in django.request: Not Found: /favicon.ico
2024-05-01 15:54:50,077 [INFO] in shop.views: Rendering shop index
2024-05-01 15:54:50,225 [INFO] in shop.views: Rendering shop index
2024-05-01 15:54:50,372 [INFO] in shop.views: Rendering shop index
2024-05-01 15:54:50,520 [INFO] in shop.views: Rendering shop index
2024-05-01 15:54:50,670 [INFO] in shop.views: Rendering shop index
2024-05-01 15:54:50,809 [INFO] in shop.views: Rendering shop index
2024-05-01 15:54:50,949 [INFO] in shop.views: Rendering shop index
2024-05-01 15:55:07,290 [INFO] in shop.views: Rendering shop index
2024-05-01 15:55:07,447 [INFO] in shop.views: Rendering shop index
2024-05-01 15:55:20,501 [INFO] in shop.views: Rendering shop index
2024-05-01 15:55:20,611 [WARNING] in django.request: Not Found: /favicon.ico
2024-05-01 15:55:20,930 [INFO] in shop.views: Rendering shop index
2024-05-01 15:55:21,078 [INFO] in shop.views: Rendering shop index
2024-05-01 15:55:21,254 [INFO] in shop.views: Rendering shop index
2024-05-01 15:55:21,540 [INFO] in shop.views: Rendering shop index
2024-05-01 15:55:21,973 [INFO] in shop.views: Rendering shop index
2024-05-01 15:55:22,175 [INFO] in shop.views: Rendering shop index
2024-05-01 15:55:22,373 [INFO] in shop.views: Rendering shop index
2024-05-01 15:55:28,039 [INFO] in shop.views: Rendering shop index
2024-05-01 15:55:28,145 [WARNING] in django.request: Not Found: /favicon.ico
2024-05-01 15:55:28,238 [INFO] in shop.views: Rendering shop index
2024-05-01 15:55:28,407 [INFO] in shop.views: Rendering shop index
2024-05-01 15:55:28,528 [INFO] in shop.views: Rendering shop index
2024-05-01 15:55:28,663 [INFO] in shop.views: Rendering shop index
2024-05-01 15:55:32,689 [INFO] in shop.views: Rendering shop index
2024-05-01 15:55:33,330 [INFO] in shop.views: Rendering shop index
2024-05-01 15:55:33,357 [INFO] in shop.views: Rendering shop index
2024-05-01 15:55:33,361 [INFO] in shop.views: Rendering shop index
2024-05-01 15:55:33,992 [INFO] in shop.views: Rendering shop index
2024-05-01 15:55:34,145 [INFO] in shop.views: Rendering shop index
2024-05-01 15:55:34,285 [INFO] in shop.views: Rendering shop index
2024-05-01 15:55:39,274 [INFO] in shop.views: Rendering shop index
2024-05-01 15:55:39,453 [INFO] in shop.views: Rendering shop index
2024-05-01 15:55:39,562 [INFO] in shop.views: Rendering shop index
2024-05-01 15:55:39,691 [INFO] in shop.views: Rendering shop index
2024-05-01 15:55:50,652 [DEBUG] in psycopg.pq: couldn't import psycopg 'c' implementation: No module named 'psycopg_c'
2024-05-01 15:55:50,653 [DEBUG] in psycopg.pq: couldn't import psycopg 'binary' implementation: No module named 'psycopg_binary'
2024-05-01 15:55:50,961 [DEBUG] in psycopg.pq: couldn't import psycopg 'c' implementation: No module named 'psycopg_c'
2024-05-01 15:55:50,961 [DEBUG] in psycopg.pq: couldn't import psycopg 'binary' implementation: No module named 'psycopg_binary'
2024-05-01 15:55:51,056 [INFO] in django.utils.autoreload: Watching for file changes with StatReloader
2024-05-01 15:55:52,129 [INFO] in shop.views: Rendering shop index
2024-05-01 15:55:52,294 [WARNING] in django.request: Not Found: /favicon.ico
2024-05-01 15:55:52,626 [INFO] in shop.views: Rendering shop index
2024-05-01 15:55:52,867 [INFO] in shop.views: Rendering shop index
2024-05-01 15:55:53,065 [INFO] in shop.views: Rendering shop index
2024-05-01 15:55:53,214 [INFO] in shop.views: Rendering shop index
2024-05-01 15:55:53,367 [INFO] in shop.views: Rendering shop index
2024-05-01 15:55:53,538 [INFO] in shop.views: Rendering shop index
2024-05-01 15:55:53,646 [INFO] in shop.views: Rendering shop index
2024-05-01 15:55:53,806 [INFO] in shop.views: Rendering shop index
2024-05-01 15:55:54,012 [INFO] in shop.views: Rendering shop index
2024-05-01 15:55:54,157 [INFO] in shop.views: Rendering shop index
2024-05-01 15:55:54,301 [INFO] in shop.views: Rendering shop index
2024-05-01 15:55:54,430 [INFO] in shop.views: Rendering shop index
2024-05-01 15:56:39,938 [INFO] in shop.views: Rendering shop index
2024-05-01 15:56:40,787 [INFO] in shop.views: Rendering shop index
2024-05-01 15:56:41,016 [INFO] in shop.views: Rendering shop index
2024-05-01 15:56:41,705 [INFO] in shop.views: Rendering shop index
2024-05-01 15:56:41,938 [INFO] in shop.views: Rendering shop index
2024-05-01 15:56:42,140 [INFO] in shop.views: Rendering shop index
2024-05-01 15:56:42,334 [INFO] in shop.views: Rendering shop index
2024-05-01 15:56:43,002 [INFO] in shop.views: Rendering shop index
2024-05-01 15:56:56,330 [INFO] in shop.views: Rendering shop index
2024-05-01 15:56:56,769 [INFO] in shop.views: Rendering shop index
2024-05-01 15:56:56,988 [INFO] in shop.views: Rendering shop index
2024-05-01 15:56:57,132 [INFO] in shop.views: Rendering shop index
2024-05-01 15:56:57,267 [INFO] in shop.views: Rendering shop index
2024-05-01 15:56:57,435 [INFO] in shop.views: Rendering shop index
2024-05-01 15:56:57,555 [INFO] in shop.views: Rendering shop index
2024-05-01 15:56:57,719 [INFO] in shop.views: Rendering shop index
2024-05-01 15:57:02,833 [INFO] in shop.views: Rendering shop index
2024-05-01 15:57:03,046 [INFO] in shop.views: Rendering shop index
2024-05-01 15:57:03,191 [INFO] in shop.views: Rendering shop index
2024-05-01 15:57:03,945 [INFO] in shop.views: Rendering shop index
2024-05-01 15:57:04,098 [INFO] in shop.views: Rendering shop index
2024-05-01 15:57:04,776 [INFO] in shop.views: Rendering shop index
2024-05-01 15:57:21,119 [INFO] in shop.views: Rendering shop index
2024-05-01 15:57:21,795 [INFO] in shop.views: Rendering shop index
2024-05-01 15:57:38,436 [INFO] in shop.views: Rendering shop index
2024-05-01 15:57:39,441 [INFO] in shop.views: Rendering shop index
2024-05-01 15:57:56,747 [INFO] in shop.views: Rendering shop index
2024-05-01 15:57:57,281 [INFO] in shop.views: Rendering shop index
2024-05-01 15:58:03,530 [INFO] in shop.views: Rendering shop index
2024-05-01 15:58:03,662 [INFO] in shop.views: Rendering shop index
2024-05-01 15:58:09,533 [INFO] in shop.views: Rendering shop index
2024-05-01 15:58:09,644 [WARNING] in django.request: Not Found: /favicon.ico
2024-05-01 15:58:28,813 [WARNING] in django.request: Not Found: /favicon.ico
2024-05-01 15:58:31,853 [INFO] in shop.views: Rendering shop index
2024-05-01 15:58:32,042 [INFO] in shop.views: Rendering shop index
2024-05-01 15:58:32,165 [INFO] in shop.views: Rendering shop index
2024-05-01 15:58:33,913 [WARNING] in django.request: Not Found: /favicon.ico
2024-05-17 14:34:13,954 [DEBUG] in psycopg.pq: couldn't import psycopg 'c' implementation: No module named 'psycopg_c'
2024-05-17 14:34:13,955 [DEBUG] in psycopg.pq: couldn't import psycopg 'binary' implementation: No module named 'psycopg_binary'
2024-05-17 14:34:14,284 [DEBUG] in psycopg.pq: couldn't import psycopg 'c' implementation: No module named 'psycopg_c'
2024-05-17 14:34:14,284 [DEBUG] in psycopg.pq: couldn't import psycopg 'binary' implementation: No module named 'psycopg_binary'
2024-05-17 14:34:14,378 [INFO] in django.utils.autoreload: Watching for file changes with StatReloader
2024-05-17 14:34:25,844 [INFO] in django.utils.autoreload: /home/karen/Desktop/FirstDjangoProject/FirstDjangoProject/mysite/mysite/settings.py changed, reloading.
2024-05-17 14:34:26,163 [DEBUG] in psycopg.pq: couldn't import psycopg 'c' implementation: No module named 'psycopg_c'
2024-05-17 14:34:26,163 [DEBUG] in psycopg.pq: couldn't import psycopg 'binary' implementation: No module named 'psycopg_binary'
2024-05-17 14:34:26,202 [INFO] in django.utils.autoreload: Watching for file changes with StatReloader
2024-05-17 14:34:40,833 [ERROR] in django.request: Internal Server Error: /
Traceback (most recent call last):
  File "/home/karen/Desktop/FirstDjangoProject/.venv/lib/python3.12/site-packages/django/contrib/sessions/backends/base.py", line 187, in _get_session
    return self._session_cache
           ^^^^^^^^^^^^^^^^^^^
AttributeError: 'SessionStore' object has no attribute '_session_cache'

During handling of the above exception, another exception occurred:

Traceback (most recent call last):
  File "/home/karen/Desktop/FirstDjangoProject/.venv/lib/python3.12/site-packages/django/core/handlers/exception.py", line 55, in inner
    response = get_response(request)
               ^^^^^^^^^^^^^^^^^^^^^
  File "/home/karen/Desktop/FirstDjangoProject/.venv/lib/python3.12/site-packages/debug_toolbar/middleware.py", line 69, in __call__
    panel.generate_stats(request, response)
  File "/home/karen/Desktop/FirstDjangoProject/.venv/lib/python3.12/site-packages/debug_toolbar/panels/request.py", line 64, in generate_stats
    (k, request.session.get(k)) for k in sorted(request.session.keys())
                                                ^^^^^^^^^^^^^^^^^^^^^^
  File "/home/karen/Desktop/FirstDjangoProject/.venv/lib/python3.12/site-packages/django/contrib/sessions/backends/base.py", line 123, in keys
    return self._session.keys()
           ^^^^^^^^^^^^^
  File "/home/karen/Desktop/FirstDjangoProject/.venv/lib/python3.12/site-packages/django/contrib/sessions/backends/base.py", line 192, in _get_session
    self._session_cache = self.load()
                          ^^^^^^^^^^^
  File "/home/karen/Desktop/FirstDjangoProject/.venv/lib/python3.12/site-packages/django/contrib/sessions/backends/db.py", line 42, in load
    s = self._get_session_from_db()
        ^^^^^^^^^^^^^^^^^^^^^^^^^^^
  File "/home/karen/Desktop/FirstDjangoProject/.venv/lib/python3.12/site-packages/django/contrib/sessions/backends/db.py", line 32, in _get_session_from_db
    return self.model.objects.get(
           ^^^^^^^^^^^^^^^^^^^^^^^
  File "/home/karen/Desktop/FirstDjangoProject/.venv/lib/python3.12/site-packages/django/db/models/manager.py", line 87, in manager_method
    return getattr(self.get_queryset(), name)(*args, **kwargs)
           ^^^^^^^^^^^^^^^^^^^^^^^^^^^^^^^^^^^^^^^^^^^^^^^^^^^
  File "/home/karen/Desktop/FirstDjangoProject/.venv/lib/python3.12/site-packages/django/db/models/query.py", line 645, in get
    num = len(clone)
          ^^^^^^^^^^
  File "/home/karen/Desktop/FirstDjangoProject/.venv/lib/python3.12/site-packages/django/db/models/query.py", line 382, in __len__
    self._fetch_all()
  File "/home/karen/Desktop/FirstDjangoProject/.venv/lib/python3.12/site-packages/django/db/models/query.py", line 1928, in _fetch_all
    self._result_cache = list(self._iterable_class(self))
                         ^^^^^^^^^^^^^^^^^^^^^^^^^^^^^^^^
  File "/home/karen/Desktop/FirstDjangoProject/.venv/lib/python3.12/site-packages/django/db/models/query.py", line 91, in __iter__
    results = compiler.execute_sql(
              ^^^^^^^^^^^^^^^^^^^^^
  File "/home/karen/Desktop/FirstDjangoProject/.venv/lib/python3.12/site-packages/django/db/models/sql/compiler.py", line 1549, in execute_sql
    sql, params = self.as_sql()
                  ^^^^^^^^^^^^^
  File "/home/karen/Desktop/FirstDjangoProject/.venv/lib/python3.12/site-packages/django/db/models/sql/compiler.py", line 736, in as_sql
    extra_select, order_by, group_by = self.pre_sql_setup(
                                       ^^^^^^^^^^^^^^^^^^^
  File "/home/karen/Desktop/FirstDjangoProject/.venv/lib/python3.12/site-packages/django/db/models/sql/compiler.py", line 84, in pre_sql_setup
    self.setup_query(with_col_aliases=with_col_aliases)
  File "/home/karen/Desktop/FirstDjangoProject/.venv/lib/python3.12/site-packages/django/db/models/sql/compiler.py", line 73, in setup_query
    self.select, self.klass_info, self.annotation_col_map = self.get_select(
                                                            ^^^^^^^^^^^^^^^^
  File "/home/karen/Desktop/FirstDjangoProject/.venv/lib/python3.12/site-packages/django/db/models/sql/compiler.py", line 296, in get_select
    sql, params = self.compile(col)
                  ^^^^^^^^^^^^^^^^^
  File "/home/karen/Desktop/FirstDjangoProject/.venv/lib/python3.12/site-packages/django/db/models/sql/compiler.py", line 546, in compile
    sql, params = node.as_sql(self, self.connection)
                  ^^^^^^^^^^^^^^^^^^^^^^^^^^^^^^^^^^
  File "/home/karen/Desktop/FirstDjangoProject/.venv/lib/python3.12/site-packages/django/db/models/expressions.py", line 1180, in as_sql
    sql = ".".join(map(compiler.quote_name_unless_alias, identifiers))
          ^^^^^^^^^^^^^^^^^^^^^^^^^^^^^^^^^^^^^^^^^^^^^^^^^^^^^^^^^^^^
  File "/home/karen/Desktop/FirstDjangoProject/.venv/lib/python3.12/site-packages/django/db/models/sql/compiler.py", line 537, in quote_name_unless_alias
    r = self.connection.ops.quote_name(name)
        ^^^^^^^^^^^^^^^^^^^^^^^^^^^^^^^^^^^^
  File "/home/karen/Desktop/FirstDjangoProject/.venv/lib/python3.12/site-packages/django/db/backends/dummy/base.py", line 20, in complain
    raise ImproperlyConfigured(
django.core.exceptions.ImproperlyConfigured: settings.DATABASES is improperly configured. Please supply the ENGINE value. Check settings documentation for more details.
2024-05-17 14:38:27,207 [INFO] in django.utils.autoreload: /home/karen/Desktop/FirstDjangoProject/FirstDjangoProject/mysite/mysite/settings.py changed, reloading.
2024-05-17 14:38:27,760 [DEBUG] in psycopg.pq: couldn't import psycopg 'c' implementation: No module named 'psycopg_c'
2024-05-17 14:38:27,761 [DEBUG] in psycopg.pq: couldn't import psycopg 'binary' implementation: No module named 'psycopg_binary'
2024-05-17 14:38:27,844 [INFO] in django.utils.autoreload: Watching for file changes with StatReloader
2024-05-17 14:38:34,899 [ERROR] in django.request: Internal Server Error: /
Traceback (most recent call last):
  File "/home/karen/Desktop/FirstDjangoProject/.venv/lib/python3.12/site-packages/django/contrib/sessions/backends/base.py", line 187, in _get_session
    return self._session_cache
           ^^^^^^^^^^^^^^^^^^^
AttributeError: 'SessionStore' object has no attribute '_session_cache'

During handling of the above exception, another exception occurred:

Traceback (most recent call last):
  File "/home/karen/Desktop/FirstDjangoProject/.venv/lib/python3.12/site-packages/django/db/backends/utils.py", line 105, in _execute
    return self.cursor.execute(sql, params)
           ^^^^^^^^^^^^^^^^^^^^^^^^^^^^^^^^
  File "/home/karen/Desktop/FirstDjangoProject/.venv/lib/python3.12/site-packages/django/db/backends/sqlite3/base.py", line 329, in execute
    return super().execute(query, params)
           ^^^^^^^^^^^^^^^^^^^^^^^^^^^^^^
sqlite3.OperationalError: no such table: django_session

The above exception was the direct cause of the following exception:

Traceback (most recent call last):
  File "/home/karen/Desktop/FirstDjangoProject/.venv/lib/python3.12/site-packages/django/core/handlers/exception.py", line 55, in inner
    response = get_response(request)
               ^^^^^^^^^^^^^^^^^^^^^
  File "/home/karen/Desktop/FirstDjangoProject/.venv/lib/python3.12/site-packages/debug_toolbar/middleware.py", line 69, in __call__
    panel.generate_stats(request, response)
  File "/home/karen/Desktop/FirstDjangoProject/.venv/lib/python3.12/site-packages/debug_toolbar/panels/request.py", line 64, in generate_stats
    (k, request.session.get(k)) for k in sorted(request.session.keys())
                                                ^^^^^^^^^^^^^^^^^^^^^^
  File "/home/karen/Desktop/FirstDjangoProject/.venv/lib/python3.12/site-packages/django/contrib/sessions/backends/base.py", line 123, in keys
    return self._session.keys()
           ^^^^^^^^^^^^^
  File "/home/karen/Desktop/FirstDjangoProject/.venv/lib/python3.12/site-packages/django/contrib/sessions/backends/base.py", line 192, in _get_session
    self._session_cache = self.load()
                          ^^^^^^^^^^^
  File "/home/karen/Desktop/FirstDjangoProject/.venv/lib/python3.12/site-packages/django/contrib/sessions/backends/db.py", line 42, in load
    s = self._get_session_from_db()
        ^^^^^^^^^^^^^^^^^^^^^^^^^^^
  File "/home/karen/Desktop/FirstDjangoProject/.venv/lib/python3.12/site-packages/django/contrib/sessions/backends/db.py", line 32, in _get_session_from_db
    return self.model.objects.get(
           ^^^^^^^^^^^^^^^^^^^^^^^
  File "/home/karen/Desktop/FirstDjangoProject/.venv/lib/python3.12/site-packages/django/db/models/manager.py", line 87, in manager_method
    return getattr(self.get_queryset(), name)(*args, **kwargs)
           ^^^^^^^^^^^^^^^^^^^^^^^^^^^^^^^^^^^^^^^^^^^^^^^^^^^
  File "/home/karen/Desktop/FirstDjangoProject/.venv/lib/python3.12/site-packages/django/db/models/query.py", line 645, in get
    num = len(clone)
          ^^^^^^^^^^
  File "/home/karen/Desktop/FirstDjangoProject/.venv/lib/python3.12/site-packages/django/db/models/query.py", line 382, in __len__
    self._fetch_all()
  File "/home/karen/Desktop/FirstDjangoProject/.venv/lib/python3.12/site-packages/django/db/models/query.py", line 1928, in _fetch_all
    self._result_cache = list(self._iterable_class(self))
                         ^^^^^^^^^^^^^^^^^^^^^^^^^^^^^^^^
  File "/home/karen/Desktop/FirstDjangoProject/.venv/lib/python3.12/site-packages/django/db/models/query.py", line 91, in __iter__
    results = compiler.execute_sql(
              ^^^^^^^^^^^^^^^^^^^^^
  File "/home/karen/Desktop/FirstDjangoProject/.venv/lib/python3.12/site-packages/django/db/models/sql/compiler.py", line 1562, in execute_sql
    cursor.execute(sql, params)
  File "/home/karen/Desktop/FirstDjangoProject/.venv/lib/python3.12/site-packages/django/db/backends/utils.py", line 122, in execute
    return super().execute(sql, params)
           ^^^^^^^^^^^^^^^^^^^^^^^^^^^^
  File "/home/karen/Desktop/FirstDjangoProject/.venv/lib/python3.12/site-packages/django/db/backends/utils.py", line 79, in execute
    return self._execute_with_wrappers(
           ^^^^^^^^^^^^^^^^^^^^^^^^^^^^
  File "/home/karen/Desktop/FirstDjangoProject/.venv/lib/python3.12/site-packages/django/db/backends/utils.py", line 92, in _execute_with_wrappers
    return executor(sql, params, many, context)
           ^^^^^^^^^^^^^^^^^^^^^^^^^^^^^^^^^^^^
  File "/home/karen/Desktop/FirstDjangoProject/.venv/lib/python3.12/site-packages/django/db/backends/utils.py", line 100, in _execute
    with self.db.wrap_database_errors:
  File "/home/karen/Desktop/FirstDjangoProject/.venv/lib/python3.12/site-packages/django/db/utils.py", line 91, in __exit__
    raise dj_exc_value.with_traceback(traceback) from exc_value
  File "/home/karen/Desktop/FirstDjangoProject/.venv/lib/python3.12/site-packages/django/db/backends/utils.py", line 105, in _execute
    return self.cursor.execute(sql, params)
           ^^^^^^^^^^^^^^^^^^^^^^^^^^^^^^^^
  File "/home/karen/Desktop/FirstDjangoProject/.venv/lib/python3.12/site-packages/django/db/backends/sqlite3/base.py", line 329, in execute
    return super().execute(query, params)
           ^^^^^^^^^^^^^^^^^^^^^^^^^^^^^^
django.db.utils.OperationalError: no such table: django_session
2024-05-17 14:38:35,504 [ERROR] in django.request: Internal Server Error: /
Traceback (most recent call last):
  File "/home/karen/Desktop/FirstDjangoProject/.venv/lib/python3.12/site-packages/django/contrib/sessions/backends/base.py", line 187, in _get_session
    return self._session_cache
           ^^^^^^^^^^^^^^^^^^^
AttributeError: 'SessionStore' object has no attribute '_session_cache'

During handling of the above exception, another exception occurred:

Traceback (most recent call last):
  File "/home/karen/Desktop/FirstDjangoProject/.venv/lib/python3.12/site-packages/django/db/backends/utils.py", line 105, in _execute
    return self.cursor.execute(sql, params)
           ^^^^^^^^^^^^^^^^^^^^^^^^^^^^^^^^
  File "/home/karen/Desktop/FirstDjangoProject/.venv/lib/python3.12/site-packages/django/db/backends/sqlite3/base.py", line 329, in execute
    return super().execute(query, params)
           ^^^^^^^^^^^^^^^^^^^^^^^^^^^^^^
sqlite3.OperationalError: no such table: django_session

The above exception was the direct cause of the following exception:

Traceback (most recent call last):
  File "/home/karen/Desktop/FirstDjangoProject/.venv/lib/python3.12/site-packages/django/core/handlers/exception.py", line 55, in inner
    response = get_response(request)
               ^^^^^^^^^^^^^^^^^^^^^
  File "/home/karen/Desktop/FirstDjangoProject/.venv/lib/python3.12/site-packages/debug_toolbar/middleware.py", line 69, in __call__
    panel.generate_stats(request, response)
  File "/home/karen/Desktop/FirstDjangoProject/.venv/lib/python3.12/site-packages/debug_toolbar/panels/request.py", line 64, in generate_stats
    (k, request.session.get(k)) for k in sorted(request.session.keys())
                                                ^^^^^^^^^^^^^^^^^^^^^^
  File "/home/karen/Desktop/FirstDjangoProject/.venv/lib/python3.12/site-packages/django/contrib/sessions/backends/base.py", line 123, in keys
    return self._session.keys()
           ^^^^^^^^^^^^^
  File "/home/karen/Desktop/FirstDjangoProject/.venv/lib/python3.12/site-packages/django/contrib/sessions/backends/base.py", line 192, in _get_session
    self._session_cache = self.load()
                          ^^^^^^^^^^^
  File "/home/karen/Desktop/FirstDjangoProject/.venv/lib/python3.12/site-packages/django/contrib/sessions/backends/db.py", line 42, in load
    s = self._get_session_from_db()
        ^^^^^^^^^^^^^^^^^^^^^^^^^^^
  File "/home/karen/Desktop/FirstDjangoProject/.venv/lib/python3.12/site-packages/django/contrib/sessions/backends/db.py", line 32, in _get_session_from_db
    return self.model.objects.get(
           ^^^^^^^^^^^^^^^^^^^^^^^
  File "/home/karen/Desktop/FirstDjangoProject/.venv/lib/python3.12/site-packages/django/db/models/manager.py", line 87, in manager_method
    return getattr(self.get_queryset(), name)(*args, **kwargs)
           ^^^^^^^^^^^^^^^^^^^^^^^^^^^^^^^^^^^^^^^^^^^^^^^^^^^
  File "/home/karen/Desktop/FirstDjangoProject/.venv/lib/python3.12/site-packages/django/db/models/query.py", line 645, in get
    num = len(clone)
          ^^^^^^^^^^
  File "/home/karen/Desktop/FirstDjangoProject/.venv/lib/python3.12/site-packages/django/db/models/query.py", line 382, in __len__
    self._fetch_all()
  File "/home/karen/Desktop/FirstDjangoProject/.venv/lib/python3.12/site-packages/django/db/models/query.py", line 1928, in _fetch_all
    self._result_cache = list(self._iterable_class(self))
                         ^^^^^^^^^^^^^^^^^^^^^^^^^^^^^^^^
  File "/home/karen/Desktop/FirstDjangoProject/.venv/lib/python3.12/site-packages/django/db/models/query.py", line 91, in __iter__
    results = compiler.execute_sql(
              ^^^^^^^^^^^^^^^^^^^^^
  File "/home/karen/Desktop/FirstDjangoProject/.venv/lib/python3.12/site-packages/django/db/models/sql/compiler.py", line 1562, in execute_sql
    cursor.execute(sql, params)
  File "/home/karen/Desktop/FirstDjangoProject/.venv/lib/python3.12/site-packages/django/db/backends/utils.py", line 122, in execute
    return super().execute(sql, params)
           ^^^^^^^^^^^^^^^^^^^^^^^^^^^^
  File "/home/karen/Desktop/FirstDjangoProject/.venv/lib/python3.12/site-packages/django/db/backends/utils.py", line 79, in execute
    return self._execute_with_wrappers(
           ^^^^^^^^^^^^^^^^^^^^^^^^^^^^
  File "/home/karen/Desktop/FirstDjangoProject/.venv/lib/python3.12/site-packages/django/db/backends/utils.py", line 92, in _execute_with_wrappers
    return executor(sql, params, many, context)
           ^^^^^^^^^^^^^^^^^^^^^^^^^^^^^^^^^^^^
  File "/home/karen/Desktop/FirstDjangoProject/.venv/lib/python3.12/site-packages/django/db/backends/utils.py", line 100, in _execute
    with self.db.wrap_database_errors:
  File "/home/karen/Desktop/FirstDjangoProject/.venv/lib/python3.12/site-packages/django/db/utils.py", line 91, in __exit__
    raise dj_exc_value.with_traceback(traceback) from exc_value
  File "/home/karen/Desktop/FirstDjangoProject/.venv/lib/python3.12/site-packages/django/db/backends/utils.py", line 105, in _execute
    return self.cursor.execute(sql, params)
           ^^^^^^^^^^^^^^^^^^^^^^^^^^^^^^^^
  File "/home/karen/Desktop/FirstDjangoProject/.venv/lib/python3.12/site-packages/django/db/backends/sqlite3/base.py", line 329, in execute
    return super().execute(query, params)
           ^^^^^^^^^^^^^^^^^^^^^^^^^^^^^^
django.db.utils.OperationalError: no such table: django_session
2024-05-17 14:38:35,772 [ERROR] in django.request: Internal Server Error: /
Traceback (most recent call last):
  File "/home/karen/Desktop/FirstDjangoProject/.venv/lib/python3.12/site-packages/django/contrib/sessions/backends/base.py", line 187, in _get_session
    return self._session_cache
           ^^^^^^^^^^^^^^^^^^^
AttributeError: 'SessionStore' object has no attribute '_session_cache'

During handling of the above exception, another exception occurred:

Traceback (most recent call last):
  File "/home/karen/Desktop/FirstDjangoProject/.venv/lib/python3.12/site-packages/django/db/backends/utils.py", line 105, in _execute
    return self.cursor.execute(sql, params)
           ^^^^^^^^^^^^^^^^^^^^^^^^^^^^^^^^
  File "/home/karen/Desktop/FirstDjangoProject/.venv/lib/python3.12/site-packages/django/db/backends/sqlite3/base.py", line 329, in execute
    return super().execute(query, params)
           ^^^^^^^^^^^^^^^^^^^^^^^^^^^^^^
sqlite3.OperationalError: no such table: django_session

The above exception was the direct cause of the following exception:

Traceback (most recent call last):
  File "/home/karen/Desktop/FirstDjangoProject/.venv/lib/python3.12/site-packages/django/core/handlers/exception.py", line 55, in inner
    response = get_response(request)
               ^^^^^^^^^^^^^^^^^^^^^
  File "/home/karen/Desktop/FirstDjangoProject/.venv/lib/python3.12/site-packages/debug_toolbar/middleware.py", line 69, in __call__
    panel.generate_stats(request, response)
  File "/home/karen/Desktop/FirstDjangoProject/.venv/lib/python3.12/site-packages/debug_toolbar/panels/request.py", line 64, in generate_stats
    (k, request.session.get(k)) for k in sorted(request.session.keys())
                                                ^^^^^^^^^^^^^^^^^^^^^^
  File "/home/karen/Desktop/FirstDjangoProject/.venv/lib/python3.12/site-packages/django/contrib/sessions/backends/base.py", line 123, in keys
    return self._session.keys()
           ^^^^^^^^^^^^^
  File "/home/karen/Desktop/FirstDjangoProject/.venv/lib/python3.12/site-packages/django/contrib/sessions/backends/base.py", line 192, in _get_session
    self._session_cache = self.load()
                          ^^^^^^^^^^^
  File "/home/karen/Desktop/FirstDjangoProject/.venv/lib/python3.12/site-packages/django/contrib/sessions/backends/db.py", line 42, in load
    s = self._get_session_from_db()
        ^^^^^^^^^^^^^^^^^^^^^^^^^^^
  File "/home/karen/Desktop/FirstDjangoProject/.venv/lib/python3.12/site-packages/django/contrib/sessions/backends/db.py", line 32, in _get_session_from_db
    return self.model.objects.get(
           ^^^^^^^^^^^^^^^^^^^^^^^
  File "/home/karen/Desktop/FirstDjangoProject/.venv/lib/python3.12/site-packages/django/db/models/manager.py", line 87, in manager_method
    return getattr(self.get_queryset(), name)(*args, **kwargs)
           ^^^^^^^^^^^^^^^^^^^^^^^^^^^^^^^^^^^^^^^^^^^^^^^^^^^
  File "/home/karen/Desktop/FirstDjangoProject/.venv/lib/python3.12/site-packages/django/db/models/query.py", line 645, in get
    num = len(clone)
          ^^^^^^^^^^
  File "/home/karen/Desktop/FirstDjangoProject/.venv/lib/python3.12/site-packages/django/db/models/query.py", line 382, in __len__
    self._fetch_all()
  File "/home/karen/Desktop/FirstDjangoProject/.venv/lib/python3.12/site-packages/django/db/models/query.py", line 1928, in _fetch_all
    self._result_cache = list(self._iterable_class(self))
                         ^^^^^^^^^^^^^^^^^^^^^^^^^^^^^^^^
  File "/home/karen/Desktop/FirstDjangoProject/.venv/lib/python3.12/site-packages/django/db/models/query.py", line 91, in __iter__
    results = compiler.execute_sql(
              ^^^^^^^^^^^^^^^^^^^^^
  File "/home/karen/Desktop/FirstDjangoProject/.venv/lib/python3.12/site-packages/django/db/models/sql/compiler.py", line 1562, in execute_sql
    cursor.execute(sql, params)
  File "/home/karen/Desktop/FirstDjangoProject/.venv/lib/python3.12/site-packages/django/db/backends/utils.py", line 122, in execute
    return super().execute(sql, params)
           ^^^^^^^^^^^^^^^^^^^^^^^^^^^^
  File "/home/karen/Desktop/FirstDjangoProject/.venv/lib/python3.12/site-packages/django/db/backends/utils.py", line 79, in execute
    return self._execute_with_wrappers(
           ^^^^^^^^^^^^^^^^^^^^^^^^^^^^
  File "/home/karen/Desktop/FirstDjangoProject/.venv/lib/python3.12/site-packages/django/db/backends/utils.py", line 92, in _execute_with_wrappers
    return executor(sql, params, many, context)
           ^^^^^^^^^^^^^^^^^^^^^^^^^^^^^^^^^^^^
  File "/home/karen/Desktop/FirstDjangoProject/.venv/lib/python3.12/site-packages/django/db/backends/utils.py", line 100, in _execute
    with self.db.wrap_database_errors:
  File "/home/karen/Desktop/FirstDjangoProject/.venv/lib/python3.12/site-packages/django/db/utils.py", line 91, in __exit__
    raise dj_exc_value.with_traceback(traceback) from exc_value
  File "/home/karen/Desktop/FirstDjangoProject/.venv/lib/python3.12/site-packages/django/db/backends/utils.py", line 105, in _execute
    return self.cursor.execute(sql, params)
           ^^^^^^^^^^^^^^^^^^^^^^^^^^^^^^^^
  File "/home/karen/Desktop/FirstDjangoProject/.venv/lib/python3.12/site-packages/django/db/backends/sqlite3/base.py", line 329, in execute
    return super().execute(query, params)
           ^^^^^^^^^^^^^^^^^^^^^^^^^^^^^^
django.db.utils.OperationalError: no such table: django_session
2024-05-17 14:38:35,948 [ERROR] in django.request: Internal Server Error: /
Traceback (most recent call last):
  File "/home/karen/Desktop/FirstDjangoProject/.venv/lib/python3.12/site-packages/django/contrib/sessions/backends/base.py", line 187, in _get_session
    return self._session_cache
           ^^^^^^^^^^^^^^^^^^^
AttributeError: 'SessionStore' object has no attribute '_session_cache'

During handling of the above exception, another exception occurred:

Traceback (most recent call last):
  File "/home/karen/Desktop/FirstDjangoProject/.venv/lib/python3.12/site-packages/django/db/backends/utils.py", line 105, in _execute
    return self.cursor.execute(sql, params)
           ^^^^^^^^^^^^^^^^^^^^^^^^^^^^^^^^
  File "/home/karen/Desktop/FirstDjangoProject/.venv/lib/python3.12/site-packages/django/db/backends/sqlite3/base.py", line 329, in execute
    return super().execute(query, params)
           ^^^^^^^^^^^^^^^^^^^^^^^^^^^^^^
sqlite3.OperationalError: no such table: django_session

The above exception was the direct cause of the following exception:

Traceback (most recent call last):
  File "/home/karen/Desktop/FirstDjangoProject/.venv/lib/python3.12/site-packages/django/core/handlers/exception.py", line 55, in inner
    response = get_response(request)
               ^^^^^^^^^^^^^^^^^^^^^
  File "/home/karen/Desktop/FirstDjangoProject/.venv/lib/python3.12/site-packages/debug_toolbar/middleware.py", line 69, in __call__
    panel.generate_stats(request, response)
  File "/home/karen/Desktop/FirstDjangoProject/.venv/lib/python3.12/site-packages/debug_toolbar/panels/request.py", line 64, in generate_stats
    (k, request.session.get(k)) for k in sorted(request.session.keys())
                                                ^^^^^^^^^^^^^^^^^^^^^^
  File "/home/karen/Desktop/FirstDjangoProject/.venv/lib/python3.12/site-packages/django/contrib/sessions/backends/base.py", line 123, in keys
    return self._session.keys()
           ^^^^^^^^^^^^^
  File "/home/karen/Desktop/FirstDjangoProject/.venv/lib/python3.12/site-packages/django/contrib/sessions/backends/base.py", line 192, in _get_session
    self._session_cache = self.load()
                          ^^^^^^^^^^^
  File "/home/karen/Desktop/FirstDjangoProject/.venv/lib/python3.12/site-packages/django/contrib/sessions/backends/db.py", line 42, in load
    s = self._get_session_from_db()
        ^^^^^^^^^^^^^^^^^^^^^^^^^^^
  File "/home/karen/Desktop/FirstDjangoProject/.venv/lib/python3.12/site-packages/django/contrib/sessions/backends/db.py", line 32, in _get_session_from_db
    return self.model.objects.get(
           ^^^^^^^^^^^^^^^^^^^^^^^
  File "/home/karen/Desktop/FirstDjangoProject/.venv/lib/python3.12/site-packages/django/db/models/manager.py", line 87, in manager_method
    return getattr(self.get_queryset(), name)(*args, **kwargs)
           ^^^^^^^^^^^^^^^^^^^^^^^^^^^^^^^^^^^^^^^^^^^^^^^^^^^
  File "/home/karen/Desktop/FirstDjangoProject/.venv/lib/python3.12/site-packages/django/db/models/query.py", line 645, in get
    num = len(clone)
          ^^^^^^^^^^
  File "/home/karen/Desktop/FirstDjangoProject/.venv/lib/python3.12/site-packages/django/db/models/query.py", line 382, in __len__
    self._fetch_all()
  File "/home/karen/Desktop/FirstDjangoProject/.venv/lib/python3.12/site-packages/django/db/models/query.py", line 1928, in _fetch_all
    self._result_cache = list(self._iterable_class(self))
                         ^^^^^^^^^^^^^^^^^^^^^^^^^^^^^^^^
  File "/home/karen/Desktop/FirstDjangoProject/.venv/lib/python3.12/site-packages/django/db/models/query.py", line 91, in __iter__
    results = compiler.execute_sql(
              ^^^^^^^^^^^^^^^^^^^^^
  File "/home/karen/Desktop/FirstDjangoProject/.venv/lib/python3.12/site-packages/django/db/models/sql/compiler.py", line 1562, in execute_sql
    cursor.execute(sql, params)
  File "/home/karen/Desktop/FirstDjangoProject/.venv/lib/python3.12/site-packages/django/db/backends/utils.py", line 122, in execute
    return super().execute(sql, params)
           ^^^^^^^^^^^^^^^^^^^^^^^^^^^^
  File "/home/karen/Desktop/FirstDjangoProject/.venv/lib/python3.12/site-packages/django/db/backends/utils.py", line 79, in execute
    return self._execute_with_wrappers(
           ^^^^^^^^^^^^^^^^^^^^^^^^^^^^
  File "/home/karen/Desktop/FirstDjangoProject/.venv/lib/python3.12/site-packages/django/db/backends/utils.py", line 92, in _execute_with_wrappers
    return executor(sql, params, many, context)
           ^^^^^^^^^^^^^^^^^^^^^^^^^^^^^^^^^^^^
  File "/home/karen/Desktop/FirstDjangoProject/.venv/lib/python3.12/site-packages/django/db/backends/utils.py", line 100, in _execute
    with self.db.wrap_database_errors:
  File "/home/karen/Desktop/FirstDjangoProject/.venv/lib/python3.12/site-packages/django/db/utils.py", line 91, in __exit__
    raise dj_exc_value.with_traceback(traceback) from exc_value
  File "/home/karen/Desktop/FirstDjangoProject/.venv/lib/python3.12/site-packages/django/db/backends/utils.py", line 105, in _execute
    return self.cursor.execute(sql, params)
           ^^^^^^^^^^^^^^^^^^^^^^^^^^^^^^^^
  File "/home/karen/Desktop/FirstDjangoProject/.venv/lib/python3.12/site-packages/django/db/backends/sqlite3/base.py", line 329, in execute
    return super().execute(query, params)
           ^^^^^^^^^^^^^^^^^^^^^^^^^^^^^^
django.db.utils.OperationalError: no such table: django_session
2024-05-17 14:38:50,420 [DEBUG] in psycopg.pq: couldn't import psycopg 'c' implementation: No module named 'psycopg_c'
2024-05-17 14:38:50,421 [DEBUG] in psycopg.pq: couldn't import psycopg 'binary' implementation: No module named 'psycopg_binary'
2024-05-17 14:39:05,845 [DEBUG] in psycopg.pq: couldn't import psycopg 'c' implementation: No module named 'psycopg_c'
2024-05-17 14:39:05,846 [DEBUG] in psycopg.pq: couldn't import psycopg 'binary' implementation: No module named 'psycopg_binary'
2024-05-17 14:39:08,536 [DEBUG] in psycopg.pq: couldn't import psycopg 'c' implementation: No module named 'psycopg_c'
2024-05-17 14:39:08,536 [DEBUG] in psycopg.pq: couldn't import psycopg 'binary' implementation: No module named 'psycopg_binary'
2024-05-17 14:39:08,764 [DEBUG] in psycopg.pq: couldn't import psycopg 'c' implementation: No module named 'psycopg_c'
2024-05-17 14:39:08,765 [DEBUG] in psycopg.pq: couldn't import psycopg 'binary' implementation: No module named 'psycopg_binary'
2024-05-17 14:39:08,802 [INFO] in django.utils.autoreload: Watching for file changes with StatReloader
2024-05-17 14:39:09,994 [INFO] in shop.views: Rendering shop index
2024-05-17 14:39:11,008 [INFO] in shop.views: Rendering shop index
2024-05-17 14:39:52,805 [DEBUG] in psycopg.pq: couldn't import psycopg 'c' implementation: No module named 'psycopg_c'
2024-05-17 14:39:52,805 [DEBUG] in psycopg.pq: couldn't import psycopg 'binary' implementation: No module named 'psycopg_binary'
2024-05-17 14:40:21,868 [WARNING] in django.request: Not Found: /favicon.ico
2024-05-17 14:41:31,581 [DEBUG] in PIL.PngImagePlugin: STREAM b'IHDR' 16 13
2024-05-17 14:41:31,581 [DEBUG] in PIL.PngImagePlugin: STREAM b'eXIf' 41 208
2024-05-17 14:41:31,581 [DEBUG] in PIL.PngImagePlugin: STREAM b'iCCP' 261 388
2024-05-17 14:41:31,581 [DEBUG] in PIL.PngImagePlugin: iCCP profile name b'ICC profile'
2024-05-17 14:41:31,581 [DEBUG] in PIL.PngImagePlugin: Compression method 0
2024-05-17 14:41:31,582 [DEBUG] in PIL.PngImagePlugin: STREAM b'iTXt' 661 3448
2024-05-17 14:41:31,582 [DEBUG] in PIL.PngImagePlugin: STREAM b'bKGD' 4121 6
2024-05-17 14:41:31,582 [DEBUG] in PIL.PngImagePlugin: b'bKGD' 4121 6 (unknown)
2024-05-17 14:41:31,582 [DEBUG] in PIL.PngImagePlugin: STREAM b'pHYs' 4139 9
2024-05-17 14:41:31,582 [DEBUG] in PIL.PngImagePlugin: STREAM b'tIME' 4160 7
2024-05-17 14:41:31,582 [DEBUG] in PIL.PngImagePlugin: b'tIME' 4160 7 (unknown)
2024-05-17 14:41:31,582 [DEBUG] in PIL.PngImagePlugin: STREAM b'IDAT' 4179 8192
2024-05-17 14:41:31,582 [DEBUG] in PIL.Image: Importing BlpImagePlugin
2024-05-17 14:41:31,584 [DEBUG] in PIL.Image: Importing BmpImagePlugin
2024-05-17 14:41:31,584 [DEBUG] in PIL.Image: Importing BufrStubImagePlugin
2024-05-17 14:41:31,584 [DEBUG] in PIL.Image: Importing CurImagePlugin
2024-05-17 14:41:31,585 [DEBUG] in PIL.Image: Importing DcxImagePlugin
2024-05-17 14:41:31,585 [DEBUG] in PIL.Image: Importing DdsImagePlugin
2024-05-17 14:41:31,589 [DEBUG] in PIL.Image: Importing EpsImagePlugin
2024-05-17 14:41:31,589 [DEBUG] in PIL.Image: Importing FitsImagePlugin
2024-05-17 14:41:31,590 [DEBUG] in PIL.Image: Importing FliImagePlugin
2024-05-17 14:41:31,590 [DEBUG] in PIL.Image: Importing FpxImagePlugin
2024-05-17 14:41:31,590 [DEBUG] in PIL.Image: Image: failed to import FpxImagePlugin: No module named 'olefile'
2024-05-17 14:41:31,590 [DEBUG] in PIL.Image: Importing FtexImagePlugin
2024-05-17 14:41:31,591 [DEBUG] in PIL.Image: Importing GbrImagePlugin
2024-05-17 14:41:31,591 [DEBUG] in PIL.Image: Importing GifImagePlugin
2024-05-17 14:41:31,591 [DEBUG] in PIL.Image: Importing GribStubImagePlugin
2024-05-17 14:41:31,591 [DEBUG] in PIL.Image: Importing Hdf5StubImagePlugin
2024-05-17 14:41:31,592 [DEBUG] in PIL.Image: Importing IcnsImagePlugin
2024-05-17 14:41:31,594 [DEBUG] in PIL.Image: Importing IcoImagePlugin
2024-05-17 14:41:31,595 [DEBUG] in PIL.Image: Importing ImImagePlugin
2024-05-17 14:41:31,595 [DEBUG] in PIL.Image: Importing ImtImagePlugin
2024-05-17 14:41:31,596 [DEBUG] in PIL.Image: Importing IptcImagePlugin
2024-05-17 14:41:31,597 [DEBUG] in PIL.Image: Importing JpegImagePlugin
2024-05-17 14:41:31,597 [DEBUG] in PIL.Image: Importing Jpeg2KImagePlugin
2024-05-17 14:41:31,597 [DEBUG] in PIL.Image: Importing McIdasImagePlugin
2024-05-17 14:41:31,597 [DEBUG] in PIL.Image: Importing MicImagePlugin
2024-05-17 14:41:31,597 [DEBUG] in PIL.Image: Image: failed to import MicImagePlugin: No module named 'olefile'
2024-05-17 14:41:31,598 [DEBUG] in PIL.Image: Importing MpegImagePlugin
2024-05-17 14:41:31,598 [DEBUG] in PIL.Image: Importing MpoImagePlugin
2024-05-17 14:41:31,600 [DEBUG] in PIL.Image: Importing MspImagePlugin
2024-05-17 14:41:31,600 [DEBUG] in PIL.Image: Importing PalmImagePlugin
2024-05-17 14:41:31,601 [DEBUG] in PIL.Image: Importing PcdImagePlugin
2024-05-17 14:41:31,602 [DEBUG] in PIL.Image: Importing PcxImagePlugin
2024-05-17 14:41:31,602 [DEBUG] in PIL.Image: Importing PdfImagePlugin
2024-05-17 14:41:31,608 [DEBUG] in PIL.Image: Importing PixarImagePlugin
2024-05-17 14:41:31,608 [DEBUG] in PIL.Image: Importing PngImagePlugin
2024-05-17 14:41:31,608 [DEBUG] in PIL.Image: Importing PpmImagePlugin
2024-05-17 14:41:31,608 [DEBUG] in PIL.Image: Importing PsdImagePlugin
2024-05-17 14:41:31,609 [DEBUG] in PIL.Image: Importing QoiImagePlugin
2024-05-17 14:41:31,609 [DEBUG] in PIL.Image: Importing SgiImagePlugin
2024-05-17 14:41:31,609 [DEBUG] in PIL.Image: Importing SpiderImagePlugin
2024-05-17 14:41:31,610 [DEBUG] in PIL.Image: Importing SunImagePlugin
2024-05-17 14:41:31,610 [DEBUG] in PIL.Image: Importing TgaImagePlugin
2024-05-17 14:41:31,610 [DEBUG] in PIL.Image: Importing TiffImagePlugin
2024-05-17 14:41:31,611 [DEBUG] in PIL.Image: Importing WebPImagePlugin
2024-05-17 14:41:31,614 [DEBUG] in PIL.Image: Importing WmfImagePlugin
2024-05-17 14:41:31,615 [DEBUG] in PIL.Image: Importing XbmImagePlugin
2024-05-17 14:41:31,616 [DEBUG] in PIL.Image: Importing XpmImagePlugin
2024-05-17 14:41:31,617 [DEBUG] in PIL.Image: Importing XVThumbImagePlugin
2024-05-17 14:41:31,810 [WARNING] in django.request: Not Found: /favicon.ico
2024-05-17 14:43:19,616 [WARNING] in django.request: Not Found: /favicon.ico
2024-05-17 14:43:29,188 [INFO] in shop.views: Rendering shop index
2024-05-17 15:03:00,767 [ERROR] in django.security.DisallowedHost: Invalid HTTP_HOST header: '0.0.0.0:8000'. You may need to add '0.0.0.0' to ALLOWED_HOSTS.
Traceback (most recent call last):
  File "/home/karen/Desktop/FirstDjangoProject/.venv/lib/python3.12/site-packages/django/core/handlers/exception.py", line 55, in inner
    response = get_response(request)
               ^^^^^^^^^^^^^^^^^^^^^
  File "/home/karen/Desktop/FirstDjangoProject/.venv/lib/python3.12/site-packages/django/utils/deprecation.py", line 133, in __call__
    response = self.process_request(request)
               ^^^^^^^^^^^^^^^^^^^^^^^^^^^^^
  File "/home/karen/Desktop/FirstDjangoProject/.venv/lib/python3.12/site-packages/django/middleware/common.py", line 48, in process_request
    host = request.get_host()
           ^^^^^^^^^^^^^^^^^^
  File "/home/karen/Desktop/FirstDjangoProject/.venv/lib/python3.12/site-packages/django/http/request.py", line 151, in get_host
    raise DisallowedHost(msg)
django.core.exceptions.DisallowedHost: Invalid HTTP_HOST header: '0.0.0.0:8000'. You may need to add '0.0.0.0' to ALLOWED_HOSTS.
2024-05-17 15:03:00,919 [WARNING] in django.request: Bad Request: /
2024-05-17 15:03:01,161 [ERROR] in django.security.DisallowedHost: Invalid HTTP_HOST header: '0.0.0.0:8000'. You may need to add '0.0.0.0' to ALLOWED_HOSTS.
Traceback (most recent call last):
  File "/home/karen/Desktop/FirstDjangoProject/.venv/lib/python3.12/site-packages/django/core/handlers/exception.py", line 55, in inner
    response = get_response(request)
               ^^^^^^^^^^^^^^^^^^^^^
  File "/home/karen/Desktop/FirstDjangoProject/.venv/lib/python3.12/site-packages/django/utils/deprecation.py", line 133, in __call__
    response = self.process_request(request)
               ^^^^^^^^^^^^^^^^^^^^^^^^^^^^^
  File "/home/karen/Desktop/FirstDjangoProject/.venv/lib/python3.12/site-packages/django/middleware/common.py", line 48, in process_request
    host = request.get_host()
           ^^^^^^^^^^^^^^^^^^
  File "/home/karen/Desktop/FirstDjangoProject/.venv/lib/python3.12/site-packages/django/http/request.py", line 151, in get_host
    raise DisallowedHost(msg)
django.core.exceptions.DisallowedHost: Invalid HTTP_HOST header: '0.0.0.0:8000'. You may need to add '0.0.0.0' to ALLOWED_HOSTS.
2024-05-17 15:03:01,178 [WARNING] in django.request: Bad Request: /favicon.ico
2024-05-17 15:03:22,530 [INFO] in django.utils.autoreload: /home/karen/Desktop/FirstDjangoProject/FirstDjangoProject/mysite/mysite/settings.py changed, reloading.
2024-05-17 15:03:23,496 [DEBUG] in psycopg.pq: couldn't import psycopg 'c' implementation: No module named 'psycopg_c'
2024-05-17 15:03:23,496 [DEBUG] in psycopg.pq: couldn't import psycopg 'binary' implementation: No module named 'psycopg_binary'
2024-05-17 15:03:23,558 [INFO] in django.utils.autoreload: Watching for file changes with StatReloader
2024-05-17 15:03:42,078 [INFO] in django.utils.autoreload: /home/karen/Desktop/FirstDjangoProject/FirstDjangoProject/mysite/mysite/settings.py changed, reloading.
2024-05-17 15:03:42,495 [DEBUG] in psycopg.pq: couldn't import psycopg 'c' implementation: No module named 'psycopg_c'
2024-05-17 15:03:42,495 [DEBUG] in psycopg.pq: couldn't import psycopg 'binary' implementation: No module named 'psycopg_binary'
2024-05-17 15:03:42,540 [INFO] in django.utils.autoreload: Watching for file changes with StatReloader
2024-05-17 15:03:45,100 [INFO] in shop.views: Rendering shop index
2024-05-17 16:00:45,581 [DEBUG] in psycopg.pq: couldn't import psycopg 'c' implementation: No module named 'psycopg_c'
2024-05-17 16:00:45,581 [DEBUG] in psycopg.pq: couldn't import psycopg 'binary' implementation: No module named 'psycopg_binary'
2024-05-17 16:00:45,879 [DEBUG] in psycopg.pq: couldn't import psycopg 'c' implementation: No module named 'psycopg_c'
2024-05-17 16:00:45,879 [DEBUG] in psycopg.pq: couldn't import psycopg 'binary' implementation: No module named 'psycopg_binary'
2024-05-17 16:00:45,918 [INFO] in django.utils.autoreload: Watching for file changes with StatReloader
2024-05-17 16:00:47,992 [DEBUG] in urllib3.connectionpool: Starting new HTTPS connection (1): o4507265139867648.ingest.de.sentry.io:443
2024-05-17 16:00:48,000 [INFO] in shop.views: Rendering shop index
2024-05-17 16:00:48,248 [DEBUG] in urllib3.connectionpool: https://o4507265139867648.ingest.de.sentry.io:443 "POST /api/4507272579186768/envelope/ HTTP/1.1" 200 0
2024-05-17 16:00:48,326 [DEBUG] in urllib3.connectionpool: https://o4507265139867648.ingest.de.sentry.io:443 "POST /api/4507272579186768/envelope/ HTTP/1.1" 200 0
2024-05-17 16:00:48,341 [WARNING] in django.request: Not Found: /favicon.ico
2024-05-17 16:00:48,398 [DEBUG] in urllib3.connectionpool: https://o4507265139867648.ingest.de.sentry.io:443 "POST /api/4507272579186768/envelope/ HTTP/1.1" 200 0
2024-05-17 16:00:48,470 [DEBUG] in urllib3.connectionpool: https://o4507265139867648.ingest.de.sentry.io:443 "POST /api/4507272579186768/envelope/ HTTP/1.1" 200 0
2024-05-17 16:00:48,541 [DEBUG] in urllib3.connectionpool: https://o4507265139867648.ingest.de.sentry.io:443 "POST /api/4507272579186768/envelope/ HTTP/1.1" 200 0
2024-05-17 16:00:48,611 [DEBUG] in urllib3.connectionpool: https://o4507265139867648.ingest.de.sentry.io:443 "POST /api/4507272579186768/envelope/ HTTP/1.1" 200 0
2024-05-17 16:00:48,680 [DEBUG] in urllib3.connectionpool: https://o4507265139867648.ingest.de.sentry.io:443 "POST /api/4507272579186768/envelope/ HTTP/1.1" 200 0
2024-05-17 16:00:48,748 [DEBUG] in urllib3.connectionpool: https://o4507265139867648.ingest.de.sentry.io:443 "POST /api/4507272579186768/envelope/ HTTP/1.1" 200 0
2024-05-17 16:00:48,819 [DEBUG] in urllib3.connectionpool: https://o4507265139867648.ingest.de.sentry.io:443 "POST /api/4507272579186768/envelope/ HTTP/1.1" 200 0
2024-05-17 16:01:36,102 [INFO] in shop.views: Rendering shop index
2024-05-17 16:01:36,130 [INFO] in django.utils.autoreload: /home/karen/Desktop/FirstDjangoProject/FirstDjangoProject/mysite/blogapp/urls.py changed, reloading.
2024-05-17 16:01:36,200 [WARNING] in django.request: Not Found: /favicon.ico
2024-05-17 16:01:36,202 [DEBUG] in urllib3.connectionpool: https://o4507265139867648.ingest.de.sentry.io:443 "POST /api/4507272579186768/envelope/ HTTP/1.1" 200 0
2024-05-17 16:01:36,269 [DEBUG] in urllib3.connectionpool: https://o4507265139867648.ingest.de.sentry.io:443 "POST /api/4507272579186768/envelope/ HTTP/1.1" 200 0
2024-05-17 16:01:36,337 [DEBUG] in urllib3.connectionpool: https://o4507265139867648.ingest.de.sentry.io:443 "POST /api/4507272579186768/envelope/ HTTP/1.1" 200 0
2024-05-17 16:01:36,405 [DEBUG] in urllib3.connectionpool: https://o4507265139867648.ingest.de.sentry.io:443 "POST /api/4507272579186768/envelope/ HTTP/1.1" 200 0
2024-05-17 16:01:37,007 [DEBUG] in psycopg.pq: couldn't import psycopg 'c' implementation: No module named 'psycopg_c'
2024-05-17 16:01:37,007 [DEBUG] in psycopg.pq: couldn't import psycopg 'binary' implementation: No module named 'psycopg_binary'
2024-05-17 16:01:37,070 [INFO] in django.utils.autoreload: Watching for file changes with StatReloader
2024-05-17 16:01:37,207 [DEBUG] in urllib3.connectionpool: Starting new HTTPS connection (1): o4507265139867648.ingest.de.sentry.io:443
2024-05-17 16:01:37,543 [DEBUG] in urllib3.connectionpool: https://o4507265139867648.ingest.de.sentry.io:443 "POST /api/4507272579186768/envelope/ HTTP/1.1" 200 0
2024-05-17 16:01:51,595 [INFO] in django.utils.autoreload: /home/karen/Desktop/FirstDjangoProject/FirstDjangoProject/mysite/blogapp/urls.py changed, reloading.
2024-05-17 16:01:51,970 [DEBUG] in psycopg.pq: couldn't import psycopg 'c' implementation: No module named 'psycopg_c'
2024-05-17 16:01:51,971 [DEBUG] in psycopg.pq: couldn't import psycopg 'binary' implementation: No module named 'psycopg_binary'
2024-05-17 16:01:52,019 [INFO] in django.utils.autoreload: Watching for file changes with StatReloader
2024-05-17 16:01:55,919 [INFO] in shop.views: Rendering shop index
2024-05-17 16:01:56,056 [DEBUG] in urllib3.connectionpool: Starting new HTTPS connection (1): o4507265139867648.ingest.de.sentry.io:443
2024-05-17 16:01:56,283 [DEBUG] in urllib3.connectionpool: https://o4507265139867648.ingest.de.sentry.io:443 "POST /api/4507272579186768/envelope/ HTTP/1.1" 200 0
2024-05-17 16:01:56,375 [INFO] in shop.views: Rendering shop index
2024-05-17 16:01:56,462 [DEBUG] in urllib3.connectionpool: https://o4507265139867648.ingest.de.sentry.io:443 "POST /api/4507272579186768/envelope/ HTTP/1.1" 200 0
2024-05-17 16:02:56,124 [DEBUG] in urllib3.connectionpool: https://o4507265139867648.ingest.de.sentry.io:443 "POST /api/4507272579186768/envelope/ HTTP/1.1" 200 0
